{"/Users/jac/Projects/023_MachineMate/src/app/navigation/HomeStack.tsx": {"path":"/Users/jac/Projects/023_MachineMate/src/app/navigation/HomeStack.tsx","statementMap":{"0":{"start":{"line":13,"column":14},"end":{"line":13,"column":62}},"1":{"start":{"line":16,"column":2},"end":{"line":40,"column":4}}},"fnMap":{"0":{"name":"HomeStack","decl":{"start":{"line":15,"column":24},"end":{"line":15,"column":33}},"loc":{"start":{"line":15,"column":36},"end":{"line":41,"column":1}},"line":15}},"branchMap":{},"s":{"0":0,"1":0},"f":{"0":0},"b":{}}
,"/Users/jac/Projects/023_MachineMate/src/app/navigation/LibraryStack.tsx": {"path":"/Users/jac/Projects/023_MachineMate/src/app/navigation/LibraryStack.tsx","statementMap":{"0":{"start":{"line":12,"column":14},"end":{"line":12,"column":65}},"1":{"start":{"line":15,"column":2},"end":{"line":34,"column":4}}},"fnMap":{"0":{"name":"LibraryStack","decl":{"start":{"line":14,"column":24},"end":{"line":14,"column":36}},"loc":{"start":{"line":14,"column":39},"end":{"line":35,"column":1}},"line":14}},"branchMap":{},"s":{"0":0,"1":0},"f":{"0":0},"b":{}}
,"/Users/jac/Projects/023_MachineMate/src/app/navigation/RootNavigator.tsx": {"path":"/Users/jac/Projects/023_MachineMate/src/app/navigation/RootNavigator.tsx","statementMap":{"0":{"start":{"line":16,"column":12},"end":{"line":16,"column":56}},"1":{"start":{"line":19,"column":2},"end":{"line":66,"column":4}},"2":{"start":{"line":37,"column":12},"end":{"line":37,"column":76}},"3":{"start":{"line":47,"column":12},"end":{"line":47,"column":89}},"4":{"start":{"line":57,"column":12},"end":{"line":57,"column":75}}},"fnMap":{"0":{"name":"RootNavigator","decl":{"start":{"line":18,"column":24},"end":{"line":18,"column":37}},"loc":{"start":{"line":18,"column":40},"end":{"line":67,"column":1}},"line":18},"1":{"name":"(anonymous_1)","decl":{"start":{"line":36,"column":22},"end":{"line":36,"column":23}},"loc":{"start":{"line":37,"column":12},"end":{"line":37,"column":76}},"line":37},"2":{"name":"(anonymous_2)","decl":{"start":{"line":46,"column":22},"end":{"line":46,"column":23}},"loc":{"start":{"line":47,"column":12},"end":{"line":47,"column":89}},"line":47},"3":{"name":"(anonymous_3)","decl":{"start":{"line":56,"column":22},"end":{"line":56,"column":23}},"loc":{"start":{"line":57,"column":12},"end":{"line":57,"column":75}},"line":57}},"branchMap":{},"s":{"0":0,"1":0,"2":0,"3":0,"4":0},"f":{"0":0,"1":0,"2":0,"3":0},"b":{}}
,"/Users/jac/Projects/023_MachineMate/src/app/providers/MachinesProvider.tsx": {"path":"/Users/jac/Projects/023_MachineMate/src/app/providers/MachinesProvider.tsx","statementMap":{"0":{"start":{"line":10,"column":24},"end":{"line":10,"column":71}},"1":{"start":{"line":13,"column":2},"end":{"line":13,"column":90}},"2":{"start":{"line":21,"column":19},"end":{"line":21,"column":46}},"3":{"start":{"line":22,"column":2},"end":{"line":27,"column":3}},"4":{"start":{"line":23,"column":4},"end":{"line":26,"column":6}},"5":{"start":{"line":28,"column":2},"end":{"line":28,"column":18}}},"fnMap":{"0":{"name":"MachinesProvider","decl":{"start":{"line":12,"column":16},"end":{"line":12,"column":32}},"loc":{"start":{"line":12,"column":80},"end":{"line":14,"column":1}},"line":12},"1":{"name":"useMachines","decl":{"start":{"line":20,"column":16},"end":{"line":20,"column":27}},"loc":{"start":{"line":20,"column":51},"end":{"line":29,"column":1}},"line":20}},"branchMap":{"0":{"loc":{"start":{"line":22,"column":2},"end":{"line":27,"column":3}},"type":"if","locations":[{"start":{"line":22,"column":2},"end":{"line":27,"column":3}},{"start":{},"end":{}}],"line":22}},"s":{"0":3,"1":26,"2":91,"3":91,"4":0,"5":91},"f":{"0":26,"1":91},"b":{"0":[0,91]},"_coverageSchema":"1a1c01bbd47fc00a2c39e90264f33305004495a9","hash":"7c475c7a2ebeb8cb383c9429dcead2015d7bfc01"}
,"/Users/jac/Projects/023_MachineMate/src/app/providers/RecognitionSettingsProvider.tsx": {"path":"/Users/jac/Projects/023_MachineMate/src/app/providers/RecognitionSettingsProvider.tsx","statementMap":{"0":{"start":{"line":29,"column":35},"end":{"line":29,"column":94}},"1":{"start":{"line":31,"column":15},"end":{"line":31,"column":60}},"2":{"start":{"line":33,"column":24},"end":{"line":34,"column":79}},"3":{"start":{"line":34,"column":2},"end":{"line":34,"column":79}},"4":{"start":{"line":41,"column":61},"end":{"line":43,"column":3}},"5":{"start":{"line":44,"column":36},"end":{"line":44,"column":50}},"6":{"start":{"line":46,"column":2},"end":{"line":63,"column":9}},"7":{"start":{"line":47,"column":20},"end":{"line":47,"column":24}},"8":{"start":{"line":48,"column":4},"end":{"line":58,"column":9}},"9":{"start":{"line":50,"column":8},"end":{"line":52,"column":9}},"10":{"start":{"line":51,"column":10},"end":{"line":51,"column":63}},"11":{"start":{"line":55,"column":8},"end":{"line":57,"column":9}},"12":{"start":{"line":56,"column":10},"end":{"line":56,"column":30}},"13":{"start":{"line":60,"column":4},"end":{"line":62,"column":6}},"14":{"start":{"line":61,"column":6},"end":{"line":61,"column":24}},"15":{"start":{"line":65,"column":27},"end":{"line":69,"column":8}},"16":{"start":{"line":66,"column":20},"end":{"line":66,"column":42}},"17":{"start":{"line":67,"column":4},"end":{"line":67,"column":41}},"18":{"start":{"line":68,"column":4},"end":{"line":68,"column":43}},"19":{"start":{"line":71,"column":39},"end":{"line":81,"column":3}},"20":{"start":{"line":73,"column":6},"end":{"line":78,"column":7}},"21":{"start":{"line":74,"column":8},"end":{"line":74,"column":38}},"22":{"start":{"line":76,"column":8},"end":{"line":76,"column":71}},"23":{"start":{"line":77,"column":8},"end":{"line":77,"column":20}},"24":{"start":{"line":83,"column":41},"end":{"line":91,"column":8}},"25":{"start":{"line":84,"column":4},"end":{"line":90,"column":5}},"26":{"start":{"line":85,"column":6},"end":{"line":85,"column":39}},"27":{"start":{"line":86,"column":6},"end":{"line":86,"column":64}},"28":{"start":{"line":88,"column":6},"end":{"line":88,"column":70}},"29":{"start":{"line":89,"column":6},"end":{"line":89,"column":18}},"30":{"start":{"line":93,"column":2},"end":{"line":104,"column":4}},"31":{"start":{"line":108,"column":18},"end":{"line":108,"column":56}},"32":{"start":{"line":109,"column":2},"end":{"line":114,"column":3}},"33":{"start":{"line":110,"column":4},"end":{"line":113,"column":6}},"34":{"start":{"line":115,"column":2},"end":{"line":115,"column":17}}},"fnMap":{"0":{"name":"(anonymous_0)","decl":{"start":{"line":33,"column":24},"end":{"line":33,"column":25}},"loc":{"start":{"line":34,"column":2},"end":{"line":34,"column":79}},"line":34},"1":{"name":"RecognitionSettingsProvider","decl":{"start":{"line":40,"column":16},"end":{"line":40,"column":43}},"loc":{"start":{"line":40,"column":92},"end":{"line":105,"column":1}},"line":40},"2":{"name":"(anonymous_2)","decl":{"start":{"line":46,"column":12},"end":{"line":46,"column":13}},"loc":{"start":{"line":46,"column":18},"end":{"line":63,"column":3}},"line":46},"3":{"name":"(anonymous_3)","decl":{"start":{"line":49,"column":12},"end":{"line":49,"column":13}},"loc":{"start":{"line":49,"column":22},"end":{"line":53,"column":7}},"line":49},"4":{"name":"(anonymous_4)","decl":{"start":{"line":54,"column":15},"end":{"line":54,"column":16}},"loc":{"start":{"line":54,"column":21},"end":{"line":58,"column":7}},"line":54},"5":{"name":"(anonymous_5)","decl":{"start":{"line":60,"column":11},"end":{"line":60,"column":12}},"loc":{"start":{"line":60,"column":17},"end":{"line":62,"column":5}},"line":60},"6":{"name":"(anonymous_6)","decl":{"start":{"line":65,"column":39},"end":{"line":65,"column":40}},"loc":{"start":{"line":65,"column":64},"end":{"line":69,"column":3}},"line":65},"7":{"name":"(anonymous_7)","decl":{"start":{"line":72,"column":4},"end":{"line":72,"column":5}},"loc":{"start":{"line":72,"column":29},"end":{"line":79,"column":5}},"line":72},"8":{"name":"(anonymous_8)","decl":{"start":{"line":83,"column":53},"end":{"line":83,"column":54}},"loc":{"start":{"line":83,"column":65},"end":{"line":91,"column":3}},"line":83},"9":{"name":"useRecognitionSettings","decl":{"start":{"line":107,"column":16},"end":{"line":107,"column":38}},"loc":{"start":{"line":107,"column":74},"end":{"line":116,"column":1}},"line":107}},"branchMap":{"0":{"loc":{"start":{"line":50,"column":8},"end":{"line":52,"column":9}},"type":"if","locations":[{"start":{"line":50,"column":8},"end":{"line":52,"column":9}},{"start":{},"end":{}}],"line":50},"1":{"loc":{"start":{"line":50,"column":12},"end":{"line":50,"column":31}},"type":"binary-expr","locations":[{"start":{"line":50,"column":12},"end":{"line":50,"column":18}},{"start":{"line":50,"column":22},"end":{"line":50,"column":31}}],"line":50},"2":{"loc":{"start":{"line":55,"column":8},"end":{"line":57,"column":9}},"type":"if","locations":[{"start":{"line":55,"column":8},"end":{"line":57,"column":9}},{"start":{},"end":{}}],"line":55},"3":{"loc":{"start":{"line":109,"column":2},"end":{"line":114,"column":3}},"type":"if","locations":[{"start":{"line":109,"column":2},"end":{"line":114,"column":3}},{"start":{},"end":{}}],"line":109}},"s":{"0":1,"1":1,"2":1,"3":0,"4":14,"5":14,"6":14,"7":7,"8":7,"9":7,"10":0,"11":7,"12":7,"13":7,"14":7,"15":14,"16":0,"17":0,"18":0,"19":14,"20":0,"21":0,"22":0,"23":0,"24":14,"25":0,"26":0,"27":0,"28":0,"29":0,"30":14,"31":22,"32":22,"33":0,"34":22},"f":{"0":0,"1":14,"2":7,"3":7,"4":7,"5":7,"6":0,"7":0,"8":0,"9":22},"b":{"0":[0,7],"1":[7,0],"2":[7,0],"3":[0,22]},"_coverageSchema":"1a1c01bbd47fc00a2c39e90264f33305004495a9","hash":"3b3ffcf3f40366de13c3985b7aa005360d62d28d"}
,"/Users/jac/Projects/023_MachineMate/src/data/validateMachines.ts": {"path":"/Users/jac/Projects/023_MachineMate/src/data/validateMachines.ts","statementMap":{"0":{"start":{"line":5,"column":15},"end":{"line":5,"column":52}},"1":{"start":{"line":17,"column":36},"end":{"line":17,"column":38}},"2":{"start":{"line":19,"column":2},"end":{"line":75,"column":5}},"3":{"start":{"line":20,"column":4},"end":{"line":26,"column":5}},"4":{"start":{"line":21,"column":6},"end":{"line":25,"column":9}},"5":{"start":{"line":28,"column":4},"end":{"line":34,"column":5}},"6":{"start":{"line":29,"column":6},"end":{"line":33,"column":9}},"7":{"start":{"line":36,"column":4},"end":{"line":42,"column":5}},"8":{"start":{"line":37,"column":6},"end":{"line":41,"column":9}},"9":{"start":{"line":44,"column":4},"end":{"line":50,"column":5}},"10":{"start":{"line":45,"column":6},"end":{"line":49,"column":9}},"11":{"start":{"line":52,"column":4},"end":{"line":58,"column":5}},"12":{"start":{"line":53,"column":6},"end":{"line":57,"column":9}},"13":{"start":{"line":60,"column":4},"end":{"line":66,"column":5}},"14":{"start":{"line":61,"column":6},"end":{"line":65,"column":9}},"15":{"start":{"line":68,"column":4},"end":{"line":74,"column":5}},"16":{"start":{"line":69,"column":6},"end":{"line":73,"column":9}},"17":{"start":{"line":77,"column":2},"end":{"line":77,"column":16}},"18":{"start":{"line":84,"column":17},"end":{"line":84,"column":46}},"19":{"start":{"line":86,"column":2},"end":{"line":89,"column":3}},"20":{"start":{"line":87,"column":4},"end":{"line":87,"column":81}},"21":{"start":{"line":88,"column":4},"end":{"line":88,"column":16}},"22":{"start":{"line":91,"column":2},"end":{"line":91,"column":62}},"23":{"start":{"line":92,"column":2},"end":{"line":94,"column":5}},"24":{"start":{"line":93,"column":4},"end":{"line":93,"column":76}},"25":{"start":{"line":96,"column":2},"end":{"line":96,"column":15}},"26":{"start":{"line":104,"column":17},"end":{"line":104,"column":46}},"27":{"start":{"line":106,"column":2},"end":{"line":114,"column":3}},"28":{"start":{"line":107,"column":26},"end":{"line":109,"column":19}},"29":{"start":{"line":108,"column":16},"end":{"line":108,"column":57}},"30":{"start":{"line":111,"column":4},"end":{"line":113,"column":6}}},"fnMap":{"0":{"name":"validateMachineData","decl":{"start":{"line":16,"column":16},"end":{"line":16,"column":35}},"loc":{"start":{"line":16,"column":86},"end":{"line":78,"column":1}},"line":16},"1":{"name":"(anonymous_1)","decl":{"start":{"line":19,"column":19},"end":{"line":19,"column":20}},"loc":{"start":{"line":19,"column":30},"end":{"line":75,"column":3}},"line":19},"2":{"name":"logValidationResults","decl":{"start":{"line":83,"column":16},"end":{"line":83,"column":36}},"loc":{"start":{"line":83,"column":77},"end":{"line":97,"column":1}},"line":83},"3":{"name":"(anonymous_3)","decl":{"start":{"line":92,"column":17},"end":{"line":92,"column":18}},"loc":{"start":{"line":92,"column":26},"end":{"line":94,"column":3}},"line":92},"4":{"name":"assertValidMachines","decl":{"start":{"line":103,"column":16},"end":{"line":103,"column":35}},"loc":{"start":{"line":103,"column":73},"end":{"line":115,"column":1}},"line":103},"5":{"name":"(anonymous_5)","decl":{"start":{"line":108,"column":11},"end":{"line":108,"column":12}},"loc":{"start":{"line":108,"column":16},"end":{"line":108,"column":57}},"line":108}},"branchMap":{"0":{"loc":{"start":{"line":20,"column":4},"end":{"line":26,"column":5}},"type":"if","locations":[{"start":{"line":20,"column":4},"end":{"line":26,"column":5}},{"start":{},"end":{}}],"line":20},"1":{"loc":{"start":{"line":28,"column":4},"end":{"line":34,"column":5}},"type":"if","locations":[{"start":{"line":28,"column":4},"end":{"line":34,"column":5}},{"start":{},"end":{}}],"line":28},"2":{"loc":{"start":{"line":28,"column":8},"end":{"line":28,"column":70}},"type":"binary-expr","locations":[{"start":{"line":28,"column":8},"end":{"line":28,"column":31}},{"start":{"line":28,"column":35},"end":{"line":28,"column":70}}],"line":28},"3":{"loc":{"start":{"line":36,"column":4},"end":{"line":42,"column":5}},"type":"if","locations":[{"start":{"line":36,"column":4},"end":{"line":42,"column":5}},{"start":{},"end":{}}],"line":36},"4":{"loc":{"start":{"line":36,"column":8},"end":{"line":36,"column":62}},"type":"binary-expr","locations":[{"start":{"line":36,"column":8},"end":{"line":36,"column":27}},{"start":{"line":36,"column":31},"end":{"line":36,"column":62}}],"line":36},"5":{"loc":{"start":{"line":44,"column":4},"end":{"line":50,"column":5}},"type":"if","locations":[{"start":{"line":44,"column":4},"end":{"line":50,"column":5}},{"start":{},"end":{}}],"line":44},"6":{"loc":{"start":{"line":44,"column":8},"end":{"line":44,"column":62}},"type":"binary-expr","locations":[{"start":{"line":44,"column":8},"end":{"line":44,"column":27}},{"start":{"line":44,"column":31},"end":{"line":44,"column":62}}],"line":44},"7":{"loc":{"start":{"line":52,"column":4},"end":{"line":58,"column":5}},"type":"if","locations":[{"start":{"line":52,"column":4},"end":{"line":58,"column":5}},{"start":{},"end":{}}],"line":52},"8":{"loc":{"start":{"line":52,"column":8},"end":{"line":52,"column":70}},"type":"binary-expr","locations":[{"start":{"line":52,"column":8},"end":{"line":52,"column":31}},{"start":{"line":52,"column":35},"end":{"line":52,"column":70}}],"line":52},"9":{"loc":{"start":{"line":60,"column":4},"end":{"line":66,"column":5}},"type":"if","locations":[{"start":{"line":60,"column":4},"end":{"line":66,"column":5}},{"start":{},"end":{}}],"line":60},"10":{"loc":{"start":{"line":60,"column":8},"end":{"line":60,"column":62}},"type":"binary-expr","locations":[{"start":{"line":60,"column":8},"end":{"line":60,"column":27}},{"start":{"line":60,"column":31},"end":{"line":60,"column":62}}],"line":60},"11":{"loc":{"start":{"line":68,"column":4},"end":{"line":74,"column":5}},"type":"if","locations":[{"start":{"line":68,"column":4},"end":{"line":74,"column":5}},{"start":{},"end":{}}],"line":68},"12":{"loc":{"start":{"line":68,"column":8},"end":{"line":68,"column":66}},"type":"binary-expr","locations":[{"start":{"line":68,"column":8},"end":{"line":68,"column":29}},{"start":{"line":68,"column":33},"end":{"line":68,"column":66}}],"line":68},"13":{"loc":{"start":{"line":86,"column":2},"end":{"line":89,"column":3}},"type":"if","locations":[{"start":{"line":86,"column":2},"end":{"line":89,"column":3}},{"start":{},"end":{}}],"line":86},"14":{"loc":{"start":{"line":106,"column":2},"end":{"line":114,"column":3}},"type":"if","locations":[{"start":{"line":106,"column":2},"end":{"line":114,"column":3}},{"start":{},"end":{}}],"line":106}},"s":{"0":0,"1":0,"2":0,"3":0,"4":0,"5":0,"6":0,"7":0,"8":0,"9":0,"10":0,"11":0,"12":0,"13":0,"14":0,"15":0,"16":0,"17":0,"18":0,"19":0,"20":0,"21":0,"22":0,"23":0,"24":0,"25":0,"26":0,"27":0,"28":0,"29":0,"30":0},"f":{"0":0,"1":0,"2":0,"3":0,"4":0,"5":0},"b":{"0":[0,0],"1":[0,0],"2":[0,0],"3":[0,0],"4":[0,0],"5":[0,0],"6":[0,0],"7":[0,0],"8":[0,0],"9":[0,0],"10":[0,0],"11":[0,0],"12":[0,0],"13":[0,0],"14":[0,0]}}
,"/Users/jac/Projects/023_MachineMate/src/features/auth/index.ts": {"path":"/Users/jac/Projects/023_MachineMate/src/features/auth/index.ts","statementMap":{},"fnMap":{},"branchMap":{},"s":{},"f":{},"b":{}}
,"/Users/jac/Projects/023_MachineMate/src/features/auth/hooks/index.ts": {"path":"/Users/jac/Projects/023_MachineMate/src/features/auth/hooks/index.ts","statementMap":{},"fnMap":{},"branchMap":{},"s":{},"f":{},"b":{}}
,"/Users/jac/Projects/023_MachineMate/src/features/auth/hooks/useSession.ts": {"path":"/Users/jac/Projects/023_MachineMate/src/features/auth/hooks/useSession.ts","statementMap":{"0":{"start":{"line":14,"column":15},"end":{"line":14,"column":46}},"1":{"start":{"line":60,"column":42},"end":{"line":65,"column":4}},"2":{"start":{"line":70,"column":2},"end":{"line":166,"column":9}},"3":{"start":{"line":72,"column":4},"end":{"line":134,"column":9}},"4":{"start":{"line":75,"column":8},"end":{"line":88,"column":9}},"5":{"start":{"line":76,"column":10},"end":{"line":80,"column":13}},"6":{"start":{"line":81,"column":10},"end":{"line":86,"column":13}},"7":{"start":{"line":87,"column":10},"end":{"line":87,"column":17}},"8":{"start":{"line":90,"column":32},"end":{"line":90,"column":40}},"9":{"start":{"line":92,"column":8},"end":{"line":101,"column":9}},"10":{"start":{"line":93,"column":10},"end":{"line":93,"column":67}},"11":{"start":{"line":94,"column":10},"end":{"line":99,"column":13}},"12":{"start":{"line":100,"column":10},"end":{"line":100,"column":17}},"13":{"start":{"line":103,"column":24},"end":{"line":103,"column":45}},"14":{"start":{"line":104,"column":21},"end":{"line":104,"column":42}},"15":{"start":{"line":107,"column":8},"end":{"line":113,"column":9}},"16":{"start":{"line":108,"column":10},"end":{"line":108,"column":64}},"17":{"start":{"line":109,"column":10},"end":{"line":112,"column":13}},"18":{"start":{"line":115,"column":8},"end":{"line":120,"column":11}},"19":{"start":{"line":123,"column":8},"end":{"line":126,"column":11}},"20":{"start":{"line":128,"column":8},"end":{"line":133,"column":11}},"21":{"start":{"line":139,"column":8},"end":{"line":161,"column":6}},"22":{"start":{"line":140,"column":19},"end":{"line":140,"column":40}},"23":{"start":{"line":143,"column":6},"end":{"line":153,"column":7}},"24":{"start":{"line":144,"column":8},"end":{"line":144,"column":62}},"25":{"start":{"line":145,"column":8},"end":{"line":149,"column":11}},"26":{"start":{"line":151,"column":8},"end":{"line":151,"column":32}},"27":{"start":{"line":152,"column":8},"end":{"line":152,"column":58}},"28":{"start":{"line":155,"column":6},"end":{"line":160,"column":10}},"29":{"start":{"line":155,"column":33},"end":{"line":160,"column":7}},"30":{"start":{"line":163,"column":4},"end":{"line":165,"column":6}},"31":{"start":{"line":164,"column":6},"end":{"line":164,"column":33}},"32":{"start":{"line":171,"column":17},"end":{"line":248,"column":8}},"33":{"start":{"line":172,"column":4},"end":{"line":247,"column":5}},"34":{"start":{"line":173,"column":6},"end":{"line":173,"column":77}},"35":{"start":{"line":173,"column":33},"end":{"line":173,"column":74}},"36":{"start":{"line":175,"column":23},"end":{"line":178,"column":8}},"37":{"start":{"line":181,"column":6},"end":{"line":196,"column":7}},"38":{"start":{"line":182,"column":29},"end":{"line":182,"column":121}},"39":{"start":{"line":183,"column":8},"end":{"line":187,"column":11}},"40":{"start":{"line":188,"column":22},"end":{"line":188,"column":58}},"41":{"start":{"line":189,"column":8},"end":{"line":189,"column":27}},"42":{"start":{"line":190,"column":8},"end":{"line":194,"column":12}},"43":{"start":{"line":190,"column":35},"end":{"line":194,"column":9}},"44":{"start":{"line":195,"column":8},"end":{"line":195,"column":20}},"45":{"start":{"line":199,"column":41},"end":{"line":199,"column":91}},"46":{"start":{"line":201,"column":6},"end":{"line":209,"column":7}},"47":{"start":{"line":202,"column":8},"end":{"line":202,"column":68}},"48":{"start":{"line":203,"column":8},"end":{"line":207,"column":12}},"49":{"start":{"line":203,"column":35},"end":{"line":207,"column":9}},"50":{"start":{"line":208,"column":8},"end":{"line":208,"column":24}},"51":{"start":{"line":211,"column":6},"end":{"line":222,"column":7}},"52":{"start":{"line":212,"column":29},"end":{"line":212,"column":86}},"53":{"start":{"line":213,"column":8},"end":{"line":213,"column":81}},"54":{"start":{"line":214,"column":22},"end":{"line":214,"column":58}},"55":{"start":{"line":215,"column":8},"end":{"line":215,"column":27}},"56":{"start":{"line":216,"column":8},"end":{"line":220,"column":12}},"57":{"start":{"line":216,"column":35},"end":{"line":220,"column":9}},"58":{"start":{"line":221,"column":8},"end":{"line":221,"column":20}},"59":{"start":{"line":224,"column":6},"end":{"line":227,"column":9}},"60":{"start":{"line":233,"column":6},"end":{"line":239,"column":7}},"61":{"start":{"line":234,"column":8},"end":{"line":234,"column":39}},"62":{"start":{"line":236,"column":29},"end":{"line":236,"column":116}},"63":{"start":{"line":237,"column":8},"end":{"line":237,"column":57}},"64":{"start":{"line":238,"column":8},"end":{"line":238,"column":31}},"65":{"start":{"line":241,"column":6},"end":{"line":245,"column":10}},"66":{"start":{"line":241,"column":33},"end":{"line":245,"column":7}},"67":{"start":{"line":246,"column":6},"end":{"line":246,"column":22}},"68":{"start":{"line":253,"column":17},"end":{"line":331,"column":8}},"69":{"start":{"line":254,"column":4},"end":{"line":330,"column":5}},"70":{"start":{"line":255,"column":6},"end":{"line":255,"column":77}},"71":{"start":{"line":255,"column":33},"end":{"line":255,"column":74}},"72":{"start":{"line":257,"column":23},"end":{"line":260,"column":8}},"73":{"start":{"line":263,"column":6},"end":{"line":278,"column":7}},"74":{"start":{"line":264,"column":29},"end":{"line":264,"column":121}},"75":{"start":{"line":265,"column":8},"end":{"line":269,"column":11}},"76":{"start":{"line":270,"column":22},"end":{"line":270,"column":58}},"77":{"start":{"line":271,"column":8},"end":{"line":271,"column":27}},"78":{"start":{"line":272,"column":8},"end":{"line":276,"column":12}},"79":{"start":{"line":272,"column":35},"end":{"line":276,"column":9}},"80":{"start":{"line":277,"column":8},"end":{"line":277,"column":20}},"81":{"start":{"line":281,"column":41},"end":{"line":281,"column":91}},"82":{"start":{"line":283,"column":6},"end":{"line":291,"column":7}},"83":{"start":{"line":284,"column":8},"end":{"line":284,"column":68}},"84":{"start":{"line":285,"column":8},"end":{"line":289,"column":12}},"85":{"start":{"line":285,"column":35},"end":{"line":289,"column":9}},"86":{"start":{"line":290,"column":8},"end":{"line":290,"column":24}},"87":{"start":{"line":293,"column":6},"end":{"line":304,"column":7}},"88":{"start":{"line":294,"column":29},"end":{"line":294,"column":79}},"89":{"start":{"line":295,"column":8},"end":{"line":295,"column":81}},"90":{"start":{"line":296,"column":22},"end":{"line":296,"column":58}},"91":{"start":{"line":297,"column":8},"end":{"line":297,"column":27}},"92":{"start":{"line":298,"column":8},"end":{"line":302,"column":12}},"93":{"start":{"line":298,"column":35},"end":{"line":302,"column":9}},"94":{"start":{"line":303,"column":8},"end":{"line":303,"column":20}},"95":{"start":{"line":306,"column":6},"end":{"line":310,"column":9}},"96":{"start":{"line":316,"column":6},"end":{"line":322,"column":7}},"97":{"start":{"line":317,"column":8},"end":{"line":317,"column":39}},"98":{"start":{"line":319,"column":29},"end":{"line":319,"column":116}},"99":{"start":{"line":320,"column":8},"end":{"line":320,"column":57}},"100":{"start":{"line":321,"column":8},"end":{"line":321,"column":31}},"101":{"start":{"line":324,"column":6},"end":{"line":328,"column":10}},"102":{"start":{"line":324,"column":33},"end":{"line":328,"column":7}},"103":{"start":{"line":329,"column":6},"end":{"line":329,"column":22}},"104":{"start":{"line":336,"column":18},"end":{"line":364,"column":8}},"105":{"start":{"line":337,"column":4},"end":{"line":363,"column":5}},"106":{"start":{"line":338,"column":6},"end":{"line":338,"column":77}},"107":{"start":{"line":338,"column":33},"end":{"line":338,"column":74}},"108":{"start":{"line":340,"column":24},"end":{"line":340,"column":53}},"109":{"start":{"line":342,"column":6},"end":{"line":350,"column":7}},"110":{"start":{"line":343,"column":8},"end":{"line":343,"column":51}},"111":{"start":{"line":344,"column":8},"end":{"line":348,"column":12}},"112":{"start":{"line":344,"column":35},"end":{"line":348,"column":9}},"113":{"start":{"line":349,"column":8},"end":{"line":349,"column":20}},"114":{"start":{"line":352,"column":6},"end":{"line":352,"column":41}},"115":{"start":{"line":356,"column":24},"end":{"line":356,"column":42}},"116":{"start":{"line":357,"column":6},"end":{"line":361,"column":10}},"117":{"start":{"line":357,"column":33},"end":{"line":361,"column":7}},"118":{"start":{"line":362,"column":6},"end":{"line":362,"column":18}},"119":{"start":{"line":369,"column":21},"end":{"line":371,"column":8}},"120":{"start":{"line":370,"column":4},"end":{"line":370,"column":58}},"121":{"start":{"line":370,"column":31},"end":{"line":370,"column":55}},"122":{"start":{"line":373,"column":2},"end":{"line":379,"column":4}}},"fnMap":{"0":{"name":"useSession","decl":{"start":{"line":59,"column":16},"end":{"line":59,"column":26}},"loc":{"start":{"line":59,"column":47},"end":{"line":380,"column":1}},"line":59},"1":{"name":"(anonymous_1)","decl":{"start":{"line":70,"column":12},"end":{"line":70,"column":13}},"loc":{"start":{"line":70,"column":18},"end":{"line":166,"column":3}},"line":70},"2":{"name":"(anonymous_2)","decl":{"start":{"line":73,"column":12},"end":{"line":73,"column":13}},"loc":{"start":{"line":73,"column":26},"end":{"line":121,"column":7}},"line":73},"3":{"name":"(anonymous_3)","decl":{"start":{"line":122,"column":13},"end":{"line":122,"column":14}},"loc":{"start":{"line":122,"column":22},"end":{"line":134,"column":7}},"line":122},"4":{"name":"(anonymous_4)","decl":{"start":{"line":139,"column":40},"end":{"line":139,"column":41}},"loc":{"start":{"line":139,"column":61},"end":{"line":161,"column":5}},"line":139},"5":{"name":"(anonymous_5)","decl":{"start":{"line":155,"column":22},"end":{"line":155,"column":23}},"loc":{"start":{"line":155,"column":33},"end":{"line":160,"column":7}},"line":155},"6":{"name":"(anonymous_6)","decl":{"start":{"line":163,"column":11},"end":{"line":163,"column":12}},"loc":{"start":{"line":163,"column":17},"end":{"line":165,"column":5}},"line":163},"7":{"name":"(anonymous_7)","decl":{"start":{"line":171,"column":29},"end":{"line":171,"column":30}},"loc":{"start":{"line":171,"column":72},"end":{"line":248,"column":3}},"line":171},"8":{"name":"(anonymous_8)","decl":{"start":{"line":173,"column":22},"end":{"line":173,"column":23}},"loc":{"start":{"line":173,"column":33},"end":{"line":173,"column":74}},"line":173},"9":{"name":"(anonymous_9)","decl":{"start":{"line":190,"column":24},"end":{"line":190,"column":25}},"loc":{"start":{"line":190,"column":35},"end":{"line":194,"column":9}},"line":190},"10":{"name":"(anonymous_10)","decl":{"start":{"line":203,"column":24},"end":{"line":203,"column":25}},"loc":{"start":{"line":203,"column":35},"end":{"line":207,"column":9}},"line":203},"11":{"name":"(anonymous_11)","decl":{"start":{"line":216,"column":24},"end":{"line":216,"column":25}},"loc":{"start":{"line":216,"column":35},"end":{"line":220,"column":9}},"line":216},"12":{"name":"(anonymous_12)","decl":{"start":{"line":241,"column":22},"end":{"line":241,"column":23}},"loc":{"start":{"line":241,"column":33},"end":{"line":245,"column":7}},"line":241},"13":{"name":"(anonymous_13)","decl":{"start":{"line":253,"column":29},"end":{"line":253,"column":30}},"loc":{"start":{"line":253,"column":72},"end":{"line":331,"column":3}},"line":253},"14":{"name":"(anonymous_14)","decl":{"start":{"line":255,"column":22},"end":{"line":255,"column":23}},"loc":{"start":{"line":255,"column":33},"end":{"line":255,"column":74}},"line":255},"15":{"name":"(anonymous_15)","decl":{"start":{"line":272,"column":24},"end":{"line":272,"column":25}},"loc":{"start":{"line":272,"column":35},"end":{"line":276,"column":9}},"line":272},"16":{"name":"(anonymous_16)","decl":{"start":{"line":285,"column":24},"end":{"line":285,"column":25}},"loc":{"start":{"line":285,"column":35},"end":{"line":289,"column":9}},"line":285},"17":{"name":"(anonymous_17)","decl":{"start":{"line":298,"column":24},"end":{"line":298,"column":25}},"loc":{"start":{"line":298,"column":35},"end":{"line":302,"column":9}},"line":298},"18":{"name":"(anonymous_18)","decl":{"start":{"line":324,"column":22},"end":{"line":324,"column":23}},"loc":{"start":{"line":324,"column":33},"end":{"line":328,"column":7}},"line":324},"19":{"name":"(anonymous_19)","decl":{"start":{"line":336,"column":30},"end":{"line":336,"column":31}},"loc":{"start":{"line":336,"column":42},"end":{"line":364,"column":3}},"line":336},"20":{"name":"(anonymous_20)","decl":{"start":{"line":338,"column":22},"end":{"line":338,"column":23}},"loc":{"start":{"line":338,"column":33},"end":{"line":338,"column":74}},"line":338},"21":{"name":"(anonymous_21)","decl":{"start":{"line":344,"column":24},"end":{"line":344,"column":25}},"loc":{"start":{"line":344,"column":35},"end":{"line":348,"column":9}},"line":344},"22":{"name":"(anonymous_22)","decl":{"start":{"line":357,"column":22},"end":{"line":357,"column":23}},"loc":{"start":{"line":357,"column":33},"end":{"line":361,"column":7}},"line":357},"23":{"name":"(anonymous_23)","decl":{"start":{"line":369,"column":33},"end":{"line":369,"column":34}},"loc":{"start":{"line":369,"column":39},"end":{"line":371,"column":3}},"line":369},"24":{"name":"(anonymous_24)","decl":{"start":{"line":370,"column":20},"end":{"line":370,"column":21}},"loc":{"start":{"line":370,"column":31},"end":{"line":370,"column":55}},"line":370}},"branchMap":{"0":{"loc":{"start":{"line":75,"column":8},"end":{"line":88,"column":9}},"type":"if","locations":[{"start":{"line":75,"column":8},"end":{"line":88,"column":9}},{"start":{},"end":{}}],"line":75},"1":{"loc":{"start":{"line":75,"column":12},"end":{"line":75,"column":71}},"type":"binary-expr","locations":[{"start":{"line":75,"column":12},"end":{"line":75,"column":21}},{"start":{"line":75,"column":25},"end":{"line":75,"column":53}},{"start":{"line":75,"column":57},"end":{"line":75,"column":71}}],"line":75},"2":{"loc":{"start":{"line":92,"column":8},"end":{"line":101,"column":9}},"type":"if","locations":[{"start":{"line":92,"column":8},"end":{"line":101,"column":9}},{"start":{},"end":{}}],"line":92},"3":{"loc":{"start":{"line":103,"column":24},"end":{"line":103,"column":45}},"type":"binary-expr","locations":[{"start":{"line":103,"column":24},"end":{"line":103,"column":37}},{"start":{"line":103,"column":41},"end":{"line":103,"column":45}}],"line":103},"4":{"loc":{"start":{"line":104,"column":21},"end":{"line":104,"column":42}},"type":"binary-expr","locations":[{"start":{"line":104,"column":21},"end":{"line":104,"column":34}},{"start":{"line":104,"column":38},"end":{"line":104,"column":42}}],"line":104},"5":{"loc":{"start":{"line":107,"column":8},"end":{"line":113,"column":9}},"type":"if","locations":[{"start":{"line":107,"column":8},"end":{"line":113,"column":9}},{"start":{},"end":{}}],"line":107},"6":{"loc":{"start":{"line":125,"column":19},"end":{"line":125,"column":71}},"type":"cond-expr","locations":[{"start":{"line":125,"column":42},"end":{"line":125,"column":53}},{"start":{"line":125,"column":56},"end":{"line":125,"column":71}}],"line":125},"7":{"loc":{"start":{"line":140,"column":19},"end":{"line":140,"column":40}},"type":"binary-expr","locations":[{"start":{"line":140,"column":19},"end":{"line":140,"column":32}},{"start":{"line":140,"column":36},"end":{"line":140,"column":40}}],"line":140},"8":{"loc":{"start":{"line":143,"column":6},"end":{"line":153,"column":7}},"type":"if","locations":[{"start":{"line":143,"column":6},"end":{"line":153,"column":7}},{"start":{"line":150,"column":13},"end":{"line":153,"column":7}}],"line":143},"9":{"loc":{"start":{"line":181,"column":6},"end":{"line":196,"column":7}},"type":"if","locations":[{"start":{"line":181,"column":6},"end":{"line":196,"column":7}},{"start":{},"end":{}}],"line":181},"10":{"loc":{"start":{"line":181,"column":10},"end":{"line":181,"column":51}},"type":"binary-expr","locations":[{"start":{"line":181,"column":10},"end":{"line":181,"column":19}},{"start":{"line":181,"column":23},"end":{"line":181,"column":51}}],"line":181},"11":{"loc":{"start":{"line":201,"column":6},"end":{"line":209,"column":7}},"type":"if","locations":[{"start":{"line":201,"column":6},"end":{"line":209,"column":7}},{"start":{},"end":{}}],"line":201},"12":{"loc":{"start":{"line":211,"column":6},"end":{"line":222,"column":7}},"type":"if","locations":[{"start":{"line":211,"column":6},"end":{"line":222,"column":7}},{"start":{},"end":{}}],"line":211},"13":{"loc":{"start":{"line":211,"column":10},"end":{"line":211,"column":29}},"type":"binary-expr","locations":[{"start":{"line":211,"column":10},"end":{"line":211,"column":15}},{"start":{"line":211,"column":19},"end":{"line":211,"column":29}}],"line":211},"14":{"loc":{"start":{"line":233,"column":6},"end":{"line":239,"column":7}},"type":"if","locations":[{"start":{"line":233,"column":6},"end":{"line":239,"column":7}},{"start":{"line":235,"column":13},"end":{"line":239,"column":7}}],"line":233},"15":{"loc":{"start":{"line":236,"column":29},"end":{"line":236,"column":116}},"type":"cond-expr","locations":[{"start":{"line":236,"column":54},"end":{"line":236,"column":67}},{"start":{"line":236,"column":70},"end":{"line":236,"column":116}}],"line":236},"16":{"loc":{"start":{"line":263,"column":6},"end":{"line":278,"column":7}},"type":"if","locations":[{"start":{"line":263,"column":6},"end":{"line":278,"column":7}},{"start":{},"end":{}}],"line":263},"17":{"loc":{"start":{"line":263,"column":10},"end":{"line":263,"column":51}},"type":"binary-expr","locations":[{"start":{"line":263,"column":10},"end":{"line":263,"column":19}},{"start":{"line":263,"column":23},"end":{"line":263,"column":51}}],"line":263},"18":{"loc":{"start":{"line":283,"column":6},"end":{"line":291,"column":7}},"type":"if","locations":[{"start":{"line":283,"column":6},"end":{"line":291,"column":7}},{"start":{},"end":{}}],"line":283},"19":{"loc":{"start":{"line":293,"column":6},"end":{"line":304,"column":7}},"type":"if","locations":[{"start":{"line":293,"column":6},"end":{"line":304,"column":7}},{"start":{},"end":{}}],"line":293},"20":{"loc":{"start":{"line":293,"column":10},"end":{"line":293,"column":29}},"type":"binary-expr","locations":[{"start":{"line":293,"column":10},"end":{"line":293,"column":15}},{"start":{"line":293,"column":19},"end":{"line":293,"column":29}}],"line":293},"21":{"loc":{"start":{"line":316,"column":6},"end":{"line":322,"column":7}},"type":"if","locations":[{"start":{"line":316,"column":6},"end":{"line":322,"column":7}},{"start":{"line":318,"column":13},"end":{"line":322,"column":7}}],"line":316},"22":{"loc":{"start":{"line":319,"column":29},"end":{"line":319,"column":116}},"type":"cond-expr","locations":[{"start":{"line":319,"column":54},"end":{"line":319,"column":67}},{"start":{"line":319,"column":70},"end":{"line":319,"column":116}}],"line":319},"23":{"loc":{"start":{"line":342,"column":6},"end":{"line":350,"column":7}},"type":"if","locations":[{"start":{"line":342,"column":6},"end":{"line":350,"column":7}},{"start":{},"end":{}}],"line":342}},"s":{"0":0,"1":0,"2":0,"3":0,"4":0,"5":0,"6":0,"7":0,"8":0,"9":0,"10":0,"11":0,"12":0,"13":0,"14":0,"15":0,"16":0,"17":0,"18":0,"19":0,"20":0,"21":0,"22":0,"23":0,"24":0,"25":0,"26":0,"27":0,"28":0,"29":0,"30":0,"31":0,"32":0,"33":0,"34":0,"35":0,"36":0,"37":0,"38":0,"39":0,"40":0,"41":0,"42":0,"43":0,"44":0,"45":0,"46":0,"47":0,"48":0,"49":0,"50":0,"51":0,"52":0,"53":0,"54":0,"55":0,"56":0,"57":0,"58":0,"59":0,"60":0,"61":0,"62":0,"63":0,"64":0,"65":0,"66":0,"67":0,"68":0,"69":0,"70":0,"71":0,"72":0,"73":0,"74":0,"75":0,"76":0,"77":0,"78":0,"79":0,"80":0,"81":0,"82":0,"83":0,"84":0,"85":0,"86":0,"87":0,"88":0,"89":0,"90":0,"91":0,"92":0,"93":0,"94":0,"95":0,"96":0,"97":0,"98":0,"99":0,"100":0,"101":0,"102":0,"103":0,"104":0,"105":0,"106":0,"107":0,"108":0,"109":0,"110":0,"111":0,"112":0,"113":0,"114":0,"115":0,"116":0,"117":0,"118":0,"119":0,"120":0,"121":0,"122":0},"f":{"0":0,"1":0,"2":0,"3":0,"4":0,"5":0,"6":0,"7":0,"8":0,"9":0,"10":0,"11":0,"12":0,"13":0,"14":0,"15":0,"16":0,"17":0,"18":0,"19":0,"20":0,"21":0,"22":0,"23":0,"24":0},"b":{"0":[0,0],"1":[0,0,0],"2":[0,0],"3":[0,0],"4":[0,0],"5":[0,0],"6":[0,0],"7":[0,0],"8":[0,0],"9":[0,0],"10":[0,0],"11":[0,0],"12":[0,0],"13":[0,0],"14":[0,0],"15":[0,0],"16":[0,0],"17":[0,0],"18":[0,0],"19":[0,0],"20":[0,0],"21":[0,0],"22":[0,0],"23":[0,0]}}
,"/Users/jac/Projects/023_MachineMate/src/features/auth/navigation/AuthStack.tsx": {"path":"/Users/jac/Projects/023_MachineMate/src/features/auth/navigation/AuthStack.tsx","statementMap":{"0":{"start":{"line":20,"column":14},"end":{"line":20,"column":62}},"1":{"start":{"line":23,"column":2},"end":{"line":51,"column":4}}},"fnMap":{"0":{"name":"AuthStack","decl":{"start":{"line":22,"column":24},"end":{"line":22,"column":33}},"loc":{"start":{"line":22,"column":36},"end":{"line":52,"column":1}},"line":22}},"branchMap":{},"s":{"0":0,"1":0},"f":{"0":0},"b":{}}
,"/Users/jac/Projects/023_MachineMate/src/features/auth/screens/LoginScreen.tsx": {"path":"/Users/jac/Projects/023_MachineMate/src/features/auth/screens/LoginScreen.tsx","statementMap":{"0":{"start":{"line":23,"column":15},"end":{"line":23,"column":47}},"1":{"start":{"line":26,"column":21},"end":{"line":26,"column":61}},"2":{"start":{"line":27,"column":40},"end":{"line":27,"column":52}},"3":{"start":{"line":29,"column":28},"end":{"line":29,"column":40}},"4":{"start":{"line":30,"column":34},"end":{"line":30,"column":46}},"5":{"start":{"line":31,"column":36},"end":{"line":31,"column":51}},"6":{"start":{"line":32,"column":38},"end":{"line":32,"column":67}},"7":{"start":{"line":34,"column":22},"end":{"line":76,"column":3}},"8":{"start":{"line":36,"column":4},"end":{"line":36,"column":17}},"9":{"start":{"line":37,"column":4},"end":{"line":37,"column":24}},"10":{"start":{"line":40,"column":4},"end":{"line":43,"column":5}},"11":{"start":{"line":41,"column":6},"end":{"line":41,"column":55}},"12":{"start":{"line":42,"column":6},"end":{"line":42,"column":13}},"13":{"start":{"line":45,"column":4},"end":{"line":48,"column":5}},"14":{"start":{"line":46,"column":6},"end":{"line":46,"column":50}},"15":{"start":{"line":47,"column":6},"end":{"line":47,"column":13}},"16":{"start":{"line":50,"column":4},"end":{"line":53,"column":5}},"17":{"start":{"line":51,"column":6},"end":{"line":51,"column":58}},"18":{"start":{"line":52,"column":6},"end":{"line":52,"column":13}},"19":{"start":{"line":55,"column":4},"end":{"line":75,"column":5}},"20":{"start":{"line":56,"column":6},"end":{"line":56,"column":25}},"21":{"start":{"line":57,"column":6},"end":{"line":57,"column":57}},"22":{"start":{"line":59,"column":6},"end":{"line":59,"column":38}},"23":{"start":{"line":62,"column":27},"end":{"line":64,"column":79}},"24":{"start":{"line":66,"column":6},"end":{"line":70,"column":9}},"25":{"start":{"line":72,"column":6},"end":{"line":72,"column":34}},"26":{"start":{"line":74,"column":6},"end":{"line":74,"column":26}},"27":{"start":{"line":78,"column":23},"end":{"line":80,"column":3}},"28":{"start":{"line":79,"column":4},"end":{"line":79,"column":34}},"29":{"start":{"line":82,"column":23},"end":{"line":82,"column":51}},"30":{"start":{"line":84,"column":2},"end":{"line":176,"column":4}},"31":{"start":{"line":109,"column":14},"end":{"line":109,"column":29}},"32":{"start":{"line":110,"column":14},"end":{"line":113,"column":15}},"33":{"start":{"line":111,"column":16},"end":{"line":111,"column":29}},"34":{"start":{"line":112,"column":16},"end":{"line":112,"column":36}},"35":{"start":{"line":129,"column":14},"end":{"line":129,"column":32}},"36":{"start":{"line":130,"column":14},"end":{"line":133,"column":15}},"37":{"start":{"line":131,"column":16},"end":{"line":131,"column":29}},"38":{"start":{"line":132,"column":16},"end":{"line":132,"column":36}}},"fnMap":{"0":{"name":"LoginScreen","decl":{"start":{"line":25,"column":24},"end":{"line":25,"column":35}},"loc":{"start":{"line":25,"column":38},"end":{"line":177,"column":1}},"line":25},"1":{"name":"(anonymous_1)","decl":{"start":{"line":34,"column":22},"end":{"line":34,"column":23}},"loc":{"start":{"line":34,"column":34},"end":{"line":76,"column":3}},"line":34},"2":{"name":"(anonymous_2)","decl":{"start":{"line":78,"column":23},"end":{"line":78,"column":24}},"loc":{"start":{"line":78,"column":29},"end":{"line":80,"column":3}},"line":78},"3":{"name":"(anonymous_3)","decl":{"start":{"line":108,"column":26},"end":{"line":108,"column":27}},"loc":{"start":{"line":108,"column":36},"end":{"line":114,"column":13}},"line":108},"4":{"name":"(anonymous_4)","decl":{"start":{"line":128,"column":26},"end":{"line":128,"column":27}},"loc":{"start":{"line":128,"column":36},"end":{"line":134,"column":13}},"line":128}},"branchMap":{"0":{"loc":{"start":{"line":40,"column":4},"end":{"line":43,"column":5}},"type":"if","locations":[{"start":{"line":40,"column":4},"end":{"line":43,"column":5}},{"start":{},"end":{}}],"line":40},"1":{"loc":{"start":{"line":45,"column":4},"end":{"line":48,"column":5}},"type":"if","locations":[{"start":{"line":45,"column":4},"end":{"line":48,"column":5}},{"start":{},"end":{}}],"line":45},"2":{"loc":{"start":{"line":50,"column":4},"end":{"line":53,"column":5}},"type":"if","locations":[{"start":{"line":50,"column":4},"end":{"line":53,"column":5}},{"start":{},"end":{}}],"line":50},"3":{"loc":{"start":{"line":62,"column":27},"end":{"line":64,"column":79}},"type":"cond-expr","locations":[{"start":{"line":63,"column":10},"end":{"line":63,"column":21}},{"start":{"line":64,"column":10},"end":{"line":64,"column":79}}],"line":62},"4":{"loc":{"start":{"line":64,"column":10},"end":{"line":64,"column":79}},"type":"binary-expr","locations":[{"start":{"line":64,"column":10},"end":{"line":64,"column":24}},{"start":{"line":64,"column":28},"end":{"line":64,"column":79}}],"line":64},"5":{"loc":{"start":{"line":82,"column":23},"end":{"line":82,"column":51}},"type":"binary-expr","locations":[{"start":{"line":82,"column":23},"end":{"line":82,"column":33}},{"start":{"line":82,"column":37},"end":{"line":82,"column":51}}],"line":82},"6":{"loc":{"start":{"line":87,"column":16},"end":{"line":87,"column":60}},"type":"cond-expr","locations":[{"start":{"line":87,"column":40},"end":{"line":87,"column":49}},{"start":{"line":87,"column":52},"end":{"line":87,"column":60}}],"line":87},"7":{"loc":{"start":{"line":88,"column":30},"end":{"line":88,"column":60}},"type":"cond-expr","locations":[{"start":{"line":88,"column":54},"end":{"line":88,"column":56}},{"start":{"line":88,"column":59},"end":{"line":88,"column":60}}],"line":88},"8":{"loc":{"start":{"line":110,"column":14},"end":{"line":113,"column":15}},"type":"if","locations":[{"start":{"line":110,"column":14},"end":{"line":113,"column":15}},{"start":{},"end":{}}],"line":110},"9":{"loc":{"start":{"line":130,"column":14},"end":{"line":133,"column":15}},"type":"if","locations":[{"start":{"line":130,"column":14},"end":{"line":133,"column":15}},{"start":{},"end":{}}],"line":130},"10":{"loc":{"start":{"line":145,"column":11},"end":{"line":149,"column":11}},"type":"binary-expr","locations":[{"start":{"line":145,"column":11},"end":{"line":145,"column":23}},{"start":{"line":146,"column":12},"end":{"line":148,"column":25}}],"line":145},"11":{"loc":{"start":{"line":152,"column":13},"end":{"line":171,"column":13}},"type":"cond-expr","locations":[{"start":{"line":153,"column":14},"end":{"line":153,"column":70}},{"start":{"line":155,"column":14},"end":{"line":170,"column":17}}],"line":152}},"s":{"0":0,"1":0,"2":0,"3":0,"4":0,"5":0,"6":0,"7":0,"8":0,"9":0,"10":0,"11":0,"12":0,"13":0,"14":0,"15":0,"16":0,"17":0,"18":0,"19":0,"20":0,"21":0,"22":0,"23":0,"24":0,"25":0,"26":0,"27":0,"28":0,"29":0,"30":0,"31":0,"32":0,"33":0,"34":0,"35":0,"36":0,"37":0,"38":0},"f":{"0":0,"1":0,"2":0,"3":0,"4":0},"b":{"0":[0,0],"1":[0,0],"2":[0,0],"3":[0,0],"4":[0,0],"5":[0,0],"6":[0,0],"7":[0,0],"8":[0,0],"9":[0,0],"10":[0,0],"11":[0,0]}}
,"/Users/jac/Projects/023_MachineMate/src/features/auth/screens/SignupScreen.tsx": {"path":"/Users/jac/Projects/023_MachineMate/src/features/auth/screens/SignupScreen.tsx","statementMap":{"0":{"start":{"line":22,"column":15},"end":{"line":22,"column":48}},"1":{"start":{"line":25,"column":21},"end":{"line":25,"column":61}},"2":{"start":{"line":26,"column":40},"end":{"line":26,"column":52}},"3":{"start":{"line":28,"column":28},"end":{"line":28,"column":40}},"4":{"start":{"line":29,"column":34},"end":{"line":29,"column":46}},"5":{"start":{"line":30,"column":48},"end":{"line":30,"column":60}},"6":{"start":{"line":31,"column":36},"end":{"line":31,"column":51}},"7":{"start":{"line":32,"column":38},"end":{"line":32,"column":67}},"8":{"start":{"line":34,"column":23},"end":{"line":86,"column":3}},"9":{"start":{"line":36,"column":4},"end":{"line":36,"column":17}},"10":{"start":{"line":37,"column":4},"end":{"line":37,"column":24}},"11":{"start":{"line":40,"column":4},"end":{"line":43,"column":5}},"12":{"start":{"line":41,"column":6},"end":{"line":41,"column":55}},"13":{"start":{"line":42,"column":6},"end":{"line":42,"column":13}},"14":{"start":{"line":45,"column":4},"end":{"line":48,"column":5}},"15":{"start":{"line":46,"column":6},"end":{"line":46,"column":58}},"16":{"start":{"line":47,"column":6},"end":{"line":47,"column":13}},"17":{"start":{"line":50,"column":4},"end":{"line":53,"column":5}},"18":{"start":{"line":51,"column":6},"end":{"line":51,"column":47}},"19":{"start":{"line":52,"column":6},"end":{"line":52,"column":13}},"20":{"start":{"line":55,"column":4},"end":{"line":58,"column":5}},"21":{"start":{"line":56,"column":6},"end":{"line":56,"column":62}},"22":{"start":{"line":57,"column":6},"end":{"line":57,"column":13}},"23":{"start":{"line":60,"column":4},"end":{"line":63,"column":5}},"24":{"start":{"line":61,"column":6},"end":{"line":61,"column":46}},"25":{"start":{"line":62,"column":6},"end":{"line":62,"column":13}},"26":{"start":{"line":65,"column":4},"end":{"line":85,"column":5}},"27":{"start":{"line":66,"column":6},"end":{"line":66,"column":25}},"28":{"start":{"line":67,"column":6},"end":{"line":67,"column":57}},"29":{"start":{"line":69,"column":6},"end":{"line":69,"column":39}},"30":{"start":{"line":72,"column":27},"end":{"line":74,"column":80}},"31":{"start":{"line":76,"column":6},"end":{"line":80,"column":9}},"32":{"start":{"line":82,"column":6},"end":{"line":82,"column":34}},"33":{"start":{"line":84,"column":6},"end":{"line":84,"column":26}},"34":{"start":{"line":88,"column":28},"end":{"line":90,"column":3}},"35":{"start":{"line":89,"column":4},"end":{"line":89,"column":24}},"36":{"start":{"line":92,"column":23},"end":{"line":92,"column":51}},"37":{"start":{"line":94,"column":2},"end":{"line":206,"column":4}},"38":{"start":{"line":119,"column":14},"end":{"line":119,"column":29}},"39":{"start":{"line":120,"column":14},"end":{"line":123,"column":15}},"40":{"start":{"line":121,"column":16},"end":{"line":121,"column":29}},"41":{"start":{"line":122,"column":16},"end":{"line":122,"column":36}},"42":{"start":{"line":139,"column":14},"end":{"line":139,"column":32}},"43":{"start":{"line":140,"column":14},"end":{"line":143,"column":15}},"44":{"start":{"line":141,"column":16},"end":{"line":141,"column":29}},"45":{"start":{"line":142,"column":16},"end":{"line":142,"column":36}},"46":{"start":{"line":159,"column":14},"end":{"line":159,"column":39}},"47":{"start":{"line":160,"column":14},"end":{"line":163,"column":15}},"48":{"start":{"line":161,"column":16},"end":{"line":161,"column":29}},"49":{"start":{"line":162,"column":16},"end":{"line":162,"column":36}}},"fnMap":{"0":{"name":"SignupScreen","decl":{"start":{"line":24,"column":24},"end":{"line":24,"column":36}},"loc":{"start":{"line":24,"column":39},"end":{"line":207,"column":1}},"line":24},"1":{"name":"(anonymous_1)","decl":{"start":{"line":34,"column":23},"end":{"line":34,"column":24}},"loc":{"start":{"line":34,"column":35},"end":{"line":86,"column":3}},"line":34},"2":{"name":"(anonymous_2)","decl":{"start":{"line":88,"column":28},"end":{"line":88,"column":29}},"loc":{"start":{"line":88,"column":34},"end":{"line":90,"column":3}},"line":88},"3":{"name":"(anonymous_3)","decl":{"start":{"line":118,"column":26},"end":{"line":118,"column":27}},"loc":{"start":{"line":118,"column":36},"end":{"line":124,"column":13}},"line":118},"4":{"name":"(anonymous_4)","decl":{"start":{"line":138,"column":26},"end":{"line":138,"column":27}},"loc":{"start":{"line":138,"column":36},"end":{"line":144,"column":13}},"line":138},"5":{"name":"(anonymous_5)","decl":{"start":{"line":158,"column":26},"end":{"line":158,"column":27}},"loc":{"start":{"line":158,"column":36},"end":{"line":164,"column":13}},"line":158}},"branchMap":{"0":{"loc":{"start":{"line":40,"column":4},"end":{"line":43,"column":5}},"type":"if","locations":[{"start":{"line":40,"column":4},"end":{"line":43,"column":5}},{"start":{},"end":{}}],"line":40},"1":{"loc":{"start":{"line":45,"column":4},"end":{"line":48,"column":5}},"type":"if","locations":[{"start":{"line":45,"column":4},"end":{"line":48,"column":5}},{"start":{},"end":{}}],"line":45},"2":{"loc":{"start":{"line":50,"column":4},"end":{"line":53,"column":5}},"type":"if","locations":[{"start":{"line":50,"column":4},"end":{"line":53,"column":5}},{"start":{},"end":{}}],"line":50},"3":{"loc":{"start":{"line":55,"column":4},"end":{"line":58,"column":5}},"type":"if","locations":[{"start":{"line":55,"column":4},"end":{"line":58,"column":5}},{"start":{},"end":{}}],"line":55},"4":{"loc":{"start":{"line":60,"column":4},"end":{"line":63,"column":5}},"type":"if","locations":[{"start":{"line":60,"column":4},"end":{"line":63,"column":5}},{"start":{},"end":{}}],"line":60},"5":{"loc":{"start":{"line":72,"column":27},"end":{"line":74,"column":80}},"type":"cond-expr","locations":[{"start":{"line":73,"column":10},"end":{"line":73,"column":21}},{"start":{"line":74,"column":10},"end":{"line":74,"column":80}}],"line":72},"6":{"loc":{"start":{"line":74,"column":10},"end":{"line":74,"column":80}},"type":"binary-expr","locations":[{"start":{"line":74,"column":10},"end":{"line":74,"column":24}},{"start":{"line":74,"column":28},"end":{"line":74,"column":80}}],"line":74},"7":{"loc":{"start":{"line":92,"column":23},"end":{"line":92,"column":51}},"type":"binary-expr","locations":[{"start":{"line":92,"column":23},"end":{"line":92,"column":33}},{"start":{"line":92,"column":37},"end":{"line":92,"column":51}}],"line":92},"8":{"loc":{"start":{"line":97,"column":16},"end":{"line":97,"column":60}},"type":"cond-expr","locations":[{"start":{"line":97,"column":40},"end":{"line":97,"column":49}},{"start":{"line":97,"column":52},"end":{"line":97,"column":60}}],"line":97},"9":{"loc":{"start":{"line":98,"column":30},"end":{"line":98,"column":60}},"type":"cond-expr","locations":[{"start":{"line":98,"column":54},"end":{"line":98,"column":56}},{"start":{"line":98,"column":59},"end":{"line":98,"column":60}}],"line":98},"10":{"loc":{"start":{"line":120,"column":14},"end":{"line":123,"column":15}},"type":"if","locations":[{"start":{"line":120,"column":14},"end":{"line":123,"column":15}},{"start":{},"end":{}}],"line":120},"11":{"loc":{"start":{"line":140,"column":14},"end":{"line":143,"column":15}},"type":"if","locations":[{"start":{"line":140,"column":14},"end":{"line":143,"column":15}},{"start":{},"end":{}}],"line":140},"12":{"loc":{"start":{"line":160,"column":14},"end":{"line":163,"column":15}},"type":"if","locations":[{"start":{"line":160,"column":14},"end":{"line":163,"column":15}},{"start":{},"end":{}}],"line":160},"13":{"loc":{"start":{"line":175,"column":11},"end":{"line":179,"column":11}},"type":"binary-expr","locations":[{"start":{"line":175,"column":11},"end":{"line":175,"column":23}},{"start":{"line":176,"column":12},"end":{"line":178,"column":25}}],"line":175},"14":{"loc":{"start":{"line":182,"column":13},"end":{"line":201,"column":13}},"type":"cond-expr","locations":[{"start":{"line":183,"column":14},"end":{"line":183,"column":70}},{"start":{"line":185,"column":14},"end":{"line":200,"column":17}}],"line":182}},"s":{"0":0,"1":0,"2":0,"3":0,"4":0,"5":0,"6":0,"7":0,"8":0,"9":0,"10":0,"11":0,"12":0,"13":0,"14":0,"15":0,"16":0,"17":0,"18":0,"19":0,"20":0,"21":0,"22":0,"23":0,"24":0,"25":0,"26":0,"27":0,"28":0,"29":0,"30":0,"31":0,"32":0,"33":0,"34":0,"35":0,"36":0,"37":0,"38":0,"39":0,"40":0,"41":0,"42":0,"43":0,"44":0,"45":0,"46":0,"47":0,"48":0,"49":0},"f":{"0":0,"1":0,"2":0,"3":0,"4":0,"5":0},"b":{"0":[0,0],"1":[0,0],"2":[0,0],"3":[0,0],"4":[0,0],"5":[0,0],"6":[0,0],"7":[0,0],"8":[0,0],"9":[0,0],"10":[0,0],"11":[0,0],"12":[0,0],"13":[0,0],"14":[0,0]}}
,"/Users/jac/Projects/023_MachineMate/src/features/home/index.ts": {"path":"/Users/jac/Projects/023_MachineMate/src/features/home/index.ts","statementMap":{},"fnMap":{},"branchMap":{},"s":{},"f":{},"b":{}}
,"/Users/jac/Projects/023_MachineMate/src/features/home/screens/HomeScreen.tsx": {"path":"/Users/jac/Projects/023_MachineMate/src/features/home/screens/HomeScreen.tsx","statementMap":{"0":{"start":{"line":29,"column":21},"end":{"line":29,"column":62}},"1":{"start":{"line":30,"column":19},"end":{"line":30,"column":32}},"2":{"start":{"line":33,"column":53},"end":{"line":33,"column":67}},"3":{"start":{"line":34,"column":49},"end":{"line":34,"column":67}},"4":{"start":{"line":36,"column":20},"end":{"line":36,"column":54}},"5":{"start":{"line":39,"column":24},"end":{"line":39,"column":43}},"6":{"start":{"line":41,"column":32},"end":{"line":43,"column":3}},"7":{"start":{"line":42,"column":4},"end":{"line":42,"column":34}},"8":{"start":{"line":45,"column":29},"end":{"line":57,"column":3}},"9":{"start":{"line":46,"column":41},"end":{"line":53,"column":5}},"10":{"start":{"line":54,"column":4},"end":{"line":56,"column":7}},"11":{"start":{"line":60,"column":25},"end":{"line":62,"column":77}},"12":{"start":{"line":61,"column":17},"end":{"line":61,"column":62}},"13":{"start":{"line":61,"column":38},"end":{"line":61,"column":61}},"14":{"start":{"line":62,"column":55},"end":{"line":62,"column":76}},"15":{"start":{"line":65,"column":27},"end":{"line":67,"column":77}},"16":{"start":{"line":66,"column":15},"end":{"line":66,"column":48}},"17":{"start":{"line":66,"column":36},"end":{"line":66,"column":47}},"18":{"start":{"line":67,"column":55},"end":{"line":67,"column":76}},"19":{"start":{"line":69,"column":2},"end":{"line":142,"column":4}},"20":{"start":{"line":103,"column":12},"end":{"line":108,"column":14}},"21":{"start":{"line":107,"column":29},"end":{"line":107,"column":59}},"22":{"start":{"line":121,"column":12},"end":{"line":126,"column":14}},"23":{"start":{"line":125,"column":29},"end":{"line":125,"column":59}}},"fnMap":{"0":{"name":"HomeScreen","decl":{"start":{"line":28,"column":24},"end":{"line":28,"column":34}},"loc":{"start":{"line":28,"column":37},"end":{"line":143,"column":1}},"line":28},"1":{"name":"(anonymous_1)","decl":{"start":{"line":41,"column":32},"end":{"line":41,"column":33}},"loc":{"start":{"line":41,"column":38},"end":{"line":43,"column":3}},"line":41},"2":{"name":"(anonymous_2)","decl":{"start":{"line":45,"column":29},"end":{"line":45,"column":30}},"loc":{"start":{"line":45,"column":52},"end":{"line":57,"column":3}},"line":45},"3":{"name":"(anonymous_3)","decl":{"start":{"line":61,"column":9},"end":{"line":61,"column":10}},"loc":{"start":{"line":61,"column":17},"end":{"line":61,"column":62}},"line":61},"4":{"name":"(anonymous_4)","decl":{"start":{"line":61,"column":31},"end":{"line":61,"column":32}},"loc":{"start":{"line":61,"column":38},"end":{"line":61,"column":61}},"line":61},"5":{"name":"(anonymous_5)","decl":{"start":{"line":62,"column":12},"end":{"line":62,"column":13}},"loc":{"start":{"line":62,"column":55},"end":{"line":62,"column":76}},"line":62},"6":{"name":"(anonymous_6)","decl":{"start":{"line":66,"column":9},"end":{"line":66,"column":10}},"loc":{"start":{"line":66,"column":15},"end":{"line":66,"column":48}},"line":66},"7":{"name":"(anonymous_7)","decl":{"start":{"line":66,"column":29},"end":{"line":66,"column":30}},"loc":{"start":{"line":66,"column":36},"end":{"line":66,"column":47}},"line":66},"8":{"name":"(anonymous_8)","decl":{"start":{"line":67,"column":12},"end":{"line":67,"column":13}},"loc":{"start":{"line":67,"column":55},"end":{"line":67,"column":76}},"line":67},"9":{"name":"(anonymous_9)","decl":{"start":{"line":102,"column":32},"end":{"line":102,"column":33}},"loc":{"start":{"line":103,"column":12},"end":{"line":108,"column":14}},"line":103},"10":{"name":"(anonymous_10)","decl":{"start":{"line":107,"column":23},"end":{"line":107,"column":24}},"loc":{"start":{"line":107,"column":29},"end":{"line":107,"column":59}},"line":107},"11":{"name":"(anonymous_11)","decl":{"start":{"line":120,"column":30},"end":{"line":120,"column":31}},"loc":{"start":{"line":121,"column":12},"end":{"line":126,"column":14}},"line":121},"12":{"name":"(anonymous_12)","decl":{"start":{"line":125,"column":23},"end":{"line":125,"column":24}},"loc":{"start":{"line":125,"column":29},"end":{"line":125,"column":59}},"line":125}},"branchMap":{"0":{"loc":{"start":{"line":36,"column":20},"end":{"line":36,"column":54}},"type":"binary-expr","locations":[{"start":{"line":36,"column":20},"end":{"line":36,"column":36}},{"start":{"line":36,"column":40},"end":{"line":36,"column":54}}],"line":36},"1":{"loc":{"start":{"line":88,"column":7},"end":{"line":95,"column":7}},"type":"binary-expr","locations":[{"start":{"line":88,"column":7},"end":{"line":88,"column":16}},{"start":{"line":89,"column":8},"end":{"line":94,"column":15}}],"line":88},"2":{"loc":{"start":{"line":97,"column":7},"end":{"line":111,"column":7}},"type":"binary-expr","locations":[{"start":{"line":97,"column":7},"end":{"line":97,"column":17}},{"start":{"line":97,"column":21},"end":{"line":97,"column":48}},{"start":{"line":98,"column":8},"end":{"line":110,"column":15}}],"line":97},"3":{"loc":{"start":{"line":113,"column":7},"end":{"line":113,"column":92}},"type":"binary-expr","locations":[{"start":{"line":113,"column":7},"end":{"line":113,"column":17}},{"start":{"line":113,"column":21},"end":{"line":113,"column":48}},{"start":{"line":113,"column":52},"end":{"line":113,"column":77}},{"start":{"line":113,"column":81},"end":{"line":113,"column":92}}],"line":113},"4":{"loc":{"start":{"line":115,"column":7},"end":{"line":129,"column":7}},"type":"binary-expr","locations":[{"start":{"line":115,"column":7},"end":{"line":115,"column":17}},{"start":{"line":115,"column":21},"end":{"line":115,"column":46}},{"start":{"line":116,"column":8},"end":{"line":128,"column":15}}],"line":115},"5":{"loc":{"start":{"line":131,"column":7},"end":{"line":140,"column":7}},"type":"binary-expr","locations":[{"start":{"line":131,"column":7},"end":{"line":131,"column":17}},{"start":{"line":131,"column":21},"end":{"line":131,"column":48}},{"start":{"line":131,"column":52},"end":{"line":131,"column":81}},{"start":{"line":132,"column":8},"end":{"line":139,"column":15}}],"line":131}},"s":{"0":0,"1":0,"2":0,"3":0,"4":0,"5":0,"6":0,"7":0,"8":0,"9":0,"10":0,"11":0,"12":0,"13":0,"14":0,"15":0,"16":0,"17":0,"18":0,"19":0,"20":0,"21":0,"22":0,"23":0},"f":{"0":0,"1":0,"2":0,"3":0,"4":0,"5":0,"6":0,"7":0,"8":0,"9":0,"10":0,"11":0,"12":0},"b":{"0":[0,0],"1":[0,0],"2":[0,0,0],"3":[0,0,0,0],"4":[0,0,0],"5":[0,0,0,0]}}
,"/Users/jac/Projects/023_MachineMate/src/features/identification/index.ts": {"path":"/Users/jac/Projects/023_MachineMate/src/features/identification/index.ts","statementMap":{},"fnMap":{},"branchMap":{},"s":{},"f":{},"b":{}}
,"/Users/jac/Projects/023_MachineMate/src/features/identification/components/MachinePickerModal.tsx": {"path":"/Users/jac/Projects/023_MachineMate/src/features/identification/components/MachinePickerModal.tsx","statementMap":{"0":{"start":{"line":26,"column":40},"end":{"line":26,"column":52}},"1":{"start":{"line":28,"column":27},"end":{"line":42,"column":29}},"2":{"start":{"line":29,"column":18},"end":{"line":29,"column":50}},"3":{"start":{"line":30,"column":4},"end":{"line":32,"column":5}},"4":{"start":{"line":31,"column":6},"end":{"line":31,"column":22}},"5":{"start":{"line":34,"column":4},"end":{"line":41,"column":7}},"6":{"start":{"line":35,"column":24},"end":{"line":35,"column":66}},"7":{"start":{"line":36,"column":33},"end":{"line":38,"column":7}},"8":{"start":{"line":37,"column":8},"end":{"line":37,"column":44}},"9":{"start":{"line":39,"column":28},"end":{"line":39,"column":74}},"10":{"start":{"line":40,"column":6},"end":{"line":40,"column":62}},"11":{"start":{"line":44,"column":23},"end":{"line":48,"column":3}},"12":{"start":{"line":45,"column":4},"end":{"line":45,"column":24}},"13":{"start":{"line":46,"column":4},"end":{"line":46,"column":16}},"14":{"start":{"line":47,"column":4},"end":{"line":47,"column":23}},"15":{"start":{"line":50,"column":2},"end":{"line":100,"column":4}},"16":{"start":{"line":68,"column":32},"end":{"line":68,"column":39}},"17":{"start":{"line":72,"column":12},"end":{"line":82,"column":14}},"18":{"start":{"line":75,"column":29},"end":{"line":75,"column":50}},"19":{"start":{"line":77,"column":16},"end":{"line":80,"column":18}},"20":{"start":{"line":94,"column":12},"end":{"line":94,"column":24}},"21":{"start":{"line":95,"column":12},"end":{"line":95,"column":31}}},"fnMap":{"0":{"name":"MachinePickerModal","decl":{"start":{"line":19,"column":24},"end":{"line":19,"column":42}},"loc":{"start":{"line":25,"column":28},"end":{"line":101,"column":1}},"line":25},"1":{"name":"(anonymous_1)","decl":{"start":{"line":28,"column":35},"end":{"line":28,"column":36}},"loc":{"start":{"line":28,"column":41},"end":{"line":42,"column":3}},"line":28},"2":{"name":"(anonymous_2)","decl":{"start":{"line":34,"column":27},"end":{"line":34,"column":28}},"loc":{"start":{"line":34,"column":38},"end":{"line":41,"column":5}},"line":34},"3":{"name":"(anonymous_3)","decl":{"start":{"line":36,"column":61},"end":{"line":36,"column":62}},"loc":{"start":{"line":37,"column":8},"end":{"line":37,"column":44}},"line":37},"4":{"name":"(anonymous_4)","decl":{"start":{"line":44,"column":23},"end":{"line":44,"column":24}},"loc":{"start":{"line":44,"column":46},"end":{"line":48,"column":3}},"line":44},"5":{"name":"(anonymous_5)","decl":{"start":{"line":68,"column":24},"end":{"line":68,"column":25}},"loc":{"start":{"line":68,"column":32},"end":{"line":68,"column":39}},"line":68},"6":{"name":"(anonymous_6)","decl":{"start":{"line":71,"column":22},"end":{"line":71,"column":23}},"loc":{"start":{"line":72,"column":12},"end":{"line":82,"column":14}},"line":72},"7":{"name":"(anonymous_7)","decl":{"start":{"line":75,"column":23},"end":{"line":75,"column":24}},"loc":{"start":{"line":75,"column":29},"end":{"line":75,"column":50}},"line":75},"8":{"name":"(anonymous_8)","decl":{"start":{"line":76,"column":21},"end":{"line":76,"column":22}},"loc":{"start":{"line":77,"column":16},"end":{"line":80,"column":18}},"line":77},"9":{"name":"(anonymous_9)","decl":{"start":{"line":93,"column":19},"end":{"line":93,"column":20}},"loc":{"start":{"line":93,"column":25},"end":{"line":96,"column":11}},"line":93}},"branchMap":{"0":{"loc":{"start":{"line":30,"column":4},"end":{"line":32,"column":5}},"type":"if","locations":[{"start":{"line":30,"column":4},"end":{"line":32,"column":5}},{"start":{},"end":{}}],"line":30},"1":{"loc":{"start":{"line":40,"column":13},"end":{"line":40,"column":61}},"type":"binary-expr","locations":[{"start":{"line":40,"column":13},"end":{"line":40,"column":22}},{"start":{"line":40,"column":26},"end":{"line":40,"column":44}},{"start":{"line":40,"column":48},"end":{"line":40,"column":61}}],"line":40},"2":{"loc":{"start":{"line":79,"column":24},"end":{"line":79,"column":92}},"type":"cond-expr","locations":[{"start":{"line":79,"column":56},"end":{"line":79,"column":73}},{"start":{"line":79,"column":76},"end":{"line":79,"column":92}}],"line":79}},"s":{"0":0,"1":0,"2":0,"3":0,"4":0,"5":0,"6":0,"7":0,"8":0,"9":0,"10":0,"11":0,"12":0,"13":0,"14":0,"15":0,"16":0,"17":0,"18":0,"19":0,"20":0,"21":0},"f":{"0":0,"1":0,"2":0,"3":0,"4":0,"5":0,"6":0,"7":0,"8":0,"9":0},"b":{"0":[0,0],"1":[0,0,0],"2":[0,0]}}
,"/Users/jac/Projects/023_MachineMate/src/features/identification/hooks/index.ts": {"path":"/Users/jac/Projects/023_MachineMate/src/features/identification/hooks/index.ts","statementMap":{},"fnMap":{},"branchMap":{},"s":{},"f":{},"b":{}}
,"/Users/jac/Projects/023_MachineMate/src/features/identification/hooks/useIdentifyMachine.ts": {"path":"/Users/jac/Projects/023_MachineMate/src/features/identification/hooks/useIdentifyMachine.ts","statementMap":{"0":{"start":{"line":12,"column":15},"end":{"line":12,"column":55}},"1":{"start":{"line":59,"column":19},"end":{"line":59,"column":32}},"2":{"start":{"line":60,"column":34},"end":{"line":60,"column":58}},"3":{"start":{"line":61,"column":36},"end":{"line":61,"column":51}},"4":{"start":{"line":62,"column":28},"end":{"line":62,"column":56}},"5":{"start":{"line":63,"column":30},"end":{"line":63,"column":73}},"6":{"start":{"line":65,"column":19},"end":{"line":87,"column":3}},"7":{"start":{"line":67,"column":6},"end":{"line":67,"column":25}},"8":{"start":{"line":68,"column":6},"end":{"line":68,"column":21}},"9":{"start":{"line":69,"column":6},"end":{"line":69,"column":22}},"10":{"start":{"line":71,"column":6},"end":{"line":84,"column":7}},"11":{"start":{"line":72,"column":37},"end":{"line":74,"column":10}},"12":{"start":{"line":75,"column":8},"end":{"line":75,"column":40}},"13":{"start":{"line":76,"column":8},"end":{"line":76,"column":36}},"14":{"start":{"line":78,"column":25},"end":{"line":78,"column":93}},"15":{"start":{"line":79,"column":8},"end":{"line":79,"column":64}},"16":{"start":{"line":80,"column":8},"end":{"line":80,"column":27}},"17":{"start":{"line":81,"column":8},"end":{"line":81,"column":20}},"18":{"start":{"line":83,"column":8},"end":{"line":83,"column":28}},"19":{"start":{"line":89,"column":2},"end":{"line":94,"column":4}}},"fnMap":{"0":{"name":"useIdentifyMachine","decl":{"start":{"line":58,"column":16},"end":{"line":58,"column":34}},"loc":{"start":{"line":58,"column":63},"end":{"line":95,"column":1}},"line":58},"1":{"name":"(anonymous_1)","decl":{"start":{"line":66,"column":4},"end":{"line":66,"column":5}},"loc":{"start":{"line":66,"column":70},"end":{"line":85,"column":5}},"line":66}},"branchMap":{"0":{"loc":{"start":{"line":78,"column":25},"end":{"line":78,"column":93}},"type":"cond-expr","locations":[{"start":{"line":78,"column":48},"end":{"line":78,"column":51}},{"start":{"line":78,"column":54},"end":{"line":78,"column":93}}],"line":78}},"s":{"0":1,"1":22,"2":22,"3":22,"4":22,"5":22,"6":22,"7":8,"8":8,"9":8,"10":8,"11":8,"12":5,"13":5,"14":3,"15":3,"16":3,"17":3,"18":8,"19":22},"f":{"0":22,"1":8},"b":{"0":[2,1]},"_coverageSchema":"1a1c01bbd47fc00a2c39e90264f33305004495a9","hash":"909bc479a36adb4c2458a2dff6e2b6bb3476243e"}
,"/Users/jac/Projects/023_MachineMate/src/features/identification/screens/CameraScreen.tsx": {"path":"/Users/jac/Projects/023_MachineMate/src/features/identification/screens/CameraScreen.tsx","statementMap":{"0":{"start":{"line":30,"column":21},"end":{"line":30,"column":64}},"1":{"start":{"line":31,"column":19},"end":{"line":31,"column":32}},"2":{"start":{"line":32,"column":34},"end":{"line":32,"column":58}},"3":{"start":{"line":33,"column":42},"end":{"line":33,"column":64}},"4":{"start":{"line":34,"column":56},"end":{"line":34,"column":96}},"5":{"start":{"line":35,"column":42},"end":{"line":35,"column":57}},"6":{"start":{"line":36,"column":34},"end":{"line":36,"column":45}},"7":{"start":{"line":37,"column":62},"end":{"line":37,"column":77}},"8":{"start":{"line":38,"column":20},"end":{"line":38,"column":44}},"9":{"start":{"line":39,"column":23},"end":{"line":39,"column":35}},"10":{"start":{"line":40,"column":26},"end":{"line":44,"column":8}},"11":{"start":{"line":41,"column":4},"end":{"line":43,"column":5}},"12":{"start":{"line":42,"column":6},"end":{"line":42,"column":29}},"13":{"start":{"line":46,"column":2},"end":{"line":52,"column":9}},"14":{"start":{"line":47,"column":4},"end":{"line":47,"column":32}},"15":{"start":{"line":49,"column":4},"end":{"line":51,"column":6}},"16":{"start":{"line":50,"column":6},"end":{"line":50,"column":35}},"17":{"start":{"line":55,"column":2},"end":{"line":59,"column":4}},"18":{"start":{"line":57,"column":6},"end":{"line":57,"column":36}},"19":{"start":{"line":57,"column":26},"end":{"line":57,"column":34}},"20":{"start":{"line":62,"column":2},"end":{"line":68,"column":3}},"21":{"start":{"line":63,"column":4},"end":{"line":67,"column":6}},"22":{"start":{"line":70,"column":34},"end":{"line":83,"column":3}},"23":{"start":{"line":71,"column":4},"end":{"line":82,"column":5}},"24":{"start":{"line":72,"column":6},"end":{"line":72,"column":38}},"25":{"start":{"line":73,"column":6},"end":{"line":73,"column":32}},"26":{"start":{"line":75,"column":6},"end":{"line":75,"column":66}},"27":{"start":{"line":76,"column":6},"end":{"line":79,"column":8}},"28":{"start":{"line":81,"column":6},"end":{"line":81,"column":39}},"29":{"start":{"line":85,"column":29},"end":{"line":92,"column":3}},"30":{"start":{"line":86,"column":4},"end":{"line":91,"column":7}},"31":{"start":{"line":87,"column":6},"end":{"line":90,"column":8}},"32":{"start":{"line":94,"column":34},"end":{"line":127,"column":3}},"33":{"start":{"line":95,"column":4},"end":{"line":126,"column":5}},"34":{"start":{"line":96,"column":6},"end":{"line":99,"column":7}},"35":{"start":{"line":97,"column":23},"end":{"line":97,"column":55}},"36":{"start":{"line":98,"column":8},"end":{"line":98,"column":40}},"37":{"start":{"line":101,"column":6},"end":{"line":103,"column":7}},"38":{"start":{"line":102,"column":8},"end":{"line":102,"column":20}},"39":{"start":{"line":105,"column":6},"end":{"line":108,"column":7}},"40":{"start":{"line":106,"column":23},"end":{"line":106,"column":55}},"41":{"start":{"line":107,"column":8},"end":{"line":107,"column":40}},"42":{"start":{"line":110,"column":6},"end":{"line":117,"column":8}},"43":{"start":{"line":118,"column":6},"end":{"line":118,"column":19}},"44":{"start":{"line":120,"column":6},"end":{"line":120,"column":64}},"45":{"start":{"line":121,"column":6},"end":{"line":124,"column":8}},"46":{"start":{"line":125,"column":6},"end":{"line":125,"column":19}},"47":{"start":{"line":129,"column":23},"end":{"line":148,"column":3}},"48":{"start":{"line":130,"column":4},"end":{"line":147,"column":5}},"49":{"start":{"line":131,"column":6},"end":{"line":131,"column":28}},"50":{"start":{"line":133,"column":21},"end":{"line":133,"column":82}},"51":{"start":{"line":135,"column":6},"end":{"line":138,"column":9}},"52":{"start":{"line":140,"column":6},"end":{"line":140,"column":57}},"53":{"start":{"line":141,"column":6},"end":{"line":144,"column":8}},"54":{"start":{"line":146,"column":6},"end":{"line":146,"column":24}},"55":{"start":{"line":150,"column":2},"end":{"line":189,"column":3}},"56":{"start":{"line":151,"column":32},"end":{"line":151,"column":89}},"57":{"start":{"line":153,"column":4},"end":{"line":188,"column":6}},"58":{"start":{"line":185,"column":25},"end":{"line":185,"column":44}},"59":{"start":{"line":191,"column":24},"end":{"line":212,"column":3}},"60":{"start":{"line":192,"column":4},"end":{"line":192,"column":51}},"61":{"start":{"line":192,"column":44},"end":{"line":192,"column":51}},"62":{"start":{"line":194,"column":4},"end":{"line":211,"column":5}},"63":{"start":{"line":195,"column":20},"end":{"line":197,"column":8}},"64":{"start":{"line":199,"column":6},"end":{"line":201,"column":7}},"65":{"start":{"line":200,"column":8},"end":{"line":200,"column":15}},"66":{"start":{"line":203,"column":6},"end":{"line":203,"column":36}},"67":{"start":{"line":205,"column":6},"end":{"line":205,"column":53}},"68":{"start":{"line":206,"column":6},"end":{"line":209,"column":8}},"69":{"start":{"line":210,"column":6},"end":{"line":210,"column":24}},"70":{"start":{"line":214,"column":26},"end":{"line":250,"column":3}},"71":{"start":{"line":215,"column":4},"end":{"line":215,"column":29}},"72":{"start":{"line":215,"column":22},"end":{"line":215,"column":29}},"73":{"start":{"line":217,"column":26},"end":{"line":217,"column":57}},"74":{"start":{"line":218,"column":4},"end":{"line":220,"column":5}},"75":{"start":{"line":219,"column":6},"end":{"line":219,"column":13}},"76":{"start":{"line":222,"column":4},"end":{"line":249,"column":5}},"77":{"start":{"line":225,"column":8},"end":{"line":225,"column":103}},"78":{"start":{"line":226,"column":21},"end":{"line":230,"column":8}},"79":{"start":{"line":232,"column":6},"end":{"line":234,"column":7}},"80":{"start":{"line":233,"column":8},"end":{"line":233,"column":15}},"81":{"start":{"line":236,"column":20},"end":{"line":236,"column":36}},"82":{"start":{"line":237,"column":6},"end":{"line":239,"column":7}},"83":{"start":{"line":238,"column":8},"end":{"line":238,"column":60}},"84":{"start":{"line":241,"column":6},"end":{"line":241,"column":36}},"85":{"start":{"line":243,"column":6},"end":{"line":243,"column":53}},"86":{"start":{"line":244,"column":6},"end":{"line":247,"column":8}},"87":{"start":{"line":248,"column":6},"end":{"line":248,"column":24}},"88":{"start":{"line":252,"column":2},"end":{"line":292,"column":4}},"89":{"start":{"line":265,"column":25},"end":{"line":265,"column":44}}},"fnMap":{"0":{"name":"CameraScreen","decl":{"start":{"line":29,"column":24},"end":{"line":29,"column":36}},"loc":{"start":{"line":29,"column":39},"end":{"line":293,"column":1}},"line":29},"1":{"name":"(anonymous_1)","decl":{"start":{"line":40,"column":44},"end":{"line":40,"column":45}},"loc":{"start":{"line":40,"column":50},"end":{"line":44,"column":3}},"line":40},"2":{"name":"(anonymous_2)","decl":{"start":{"line":46,"column":18},"end":{"line":46,"column":19}},"loc":{"start":{"line":46,"column":24},"end":{"line":52,"column":3}},"line":46},"3":{"name":"(anonymous_3)","decl":{"start":{"line":49,"column":11},"end":{"line":49,"column":12}},"loc":{"start":{"line":49,"column":17},"end":{"line":51,"column":5}},"line":49},"4":{"name":"(anonymous_4)","decl":{"start":{"line":56,"column":22},"end":{"line":56,"column":23}},"loc":{"start":{"line":56,"column":28},"end":{"line":58,"column":5}},"line":56},"5":{"name":"(anonymous_5)","decl":{"start":{"line":57,"column":18},"end":{"line":57,"column":19}},"loc":{"start":{"line":57,"column":26},"end":{"line":57,"column":34}},"line":57},"6":{"name":"(anonymous_6)","decl":{"start":{"line":70,"column":34},"end":{"line":70,"column":35}},"loc":{"start":{"line":70,"column":46},"end":{"line":83,"column":3}},"line":70},"7":{"name":"(anonymous_7)","decl":{"start":{"line":85,"column":29},"end":{"line":85,"column":30}},"loc":{"start":{"line":85,"column":35},"end":{"line":92,"column":3}},"line":85},"8":{"name":"(anonymous_8)","decl":{"start":{"line":86,"column":33},"end":{"line":86,"column":34}},"loc":{"start":{"line":86,"column":39},"end":{"line":91,"column":5}},"line":86},"9":{"name":"(anonymous_9)","decl":{"start":{"line":94,"column":34},"end":{"line":94,"column":35}},"loc":{"start":{"line":94,"column":46},"end":{"line":127,"column":3}},"line":94},"10":{"name":"(anonymous_10)","decl":{"start":{"line":129,"column":23},"end":{"line":129,"column":24}},"loc":{"start":{"line":129,"column":46},"end":{"line":148,"column":3}},"line":129},"11":{"name":"(anonymous_11)","decl":{"start":{"line":185,"column":19},"end":{"line":185,"column":20}},"loc":{"start":{"line":185,"column":25},"end":{"line":185,"column":44}},"line":185},"12":{"name":"(anonymous_12)","decl":{"start":{"line":191,"column":24},"end":{"line":191,"column":25}},"loc":{"start":{"line":191,"column":36},"end":{"line":212,"column":3}},"line":191},"13":{"name":"(anonymous_13)","decl":{"start":{"line":214,"column":26},"end":{"line":214,"column":27}},"loc":{"start":{"line":214,"column":38},"end":{"line":250,"column":3}},"line":214},"14":{"name":"(anonymous_14)","decl":{"start":{"line":265,"column":19},"end":{"line":265,"column":20}},"loc":{"start":{"line":265,"column":25},"end":{"line":265,"column":44}},"line":265}},"branchMap":{"0":{"loc":{"start":{"line":41,"column":4},"end":{"line":43,"column":5}},"type":"if","locations":[{"start":{"line":41,"column":4},"end":{"line":43,"column":5}},{"start":{},"end":{}}],"line":41},"1":{"loc":{"start":{"line":62,"column":2},"end":{"line":68,"column":3}},"type":"if","locations":[{"start":{"line":62,"column":2},"end":{"line":68,"column":3}},{"start":{},"end":{}}],"line":62},"2":{"loc":{"start":{"line":96,"column":6},"end":{"line":99,"column":7}},"type":"if","locations":[{"start":{"line":96,"column":6},"end":{"line":99,"column":7}},{"start":{},"end":{}}],"line":96},"3":{"loc":{"start":{"line":98,"column":15},"end":{"line":98,"column":39}},"type":"binary-expr","locations":[{"start":{"line":98,"column":15},"end":{"line":98,"column":30}},{"start":{"line":98,"column":34},"end":{"line":98,"column":39}}],"line":98},"4":{"loc":{"start":{"line":101,"column":6},"end":{"line":103,"column":7}},"type":"if","locations":[{"start":{"line":101,"column":6},"end":{"line":103,"column":7}},{"start":{},"end":{}}],"line":101},"5":{"loc":{"start":{"line":105,"column":6},"end":{"line":108,"column":7}},"type":"if","locations":[{"start":{"line":105,"column":6},"end":{"line":108,"column":7}},{"start":{},"end":{}}],"line":105},"6":{"loc":{"start":{"line":107,"column":15},"end":{"line":107,"column":39}},"type":"binary-expr","locations":[{"start":{"line":107,"column":15},"end":{"line":107,"column":30}},{"start":{"line":107,"column":34},"end":{"line":107,"column":39}}],"line":107},"7":{"loc":{"start":{"line":150,"column":2},"end":{"line":189,"column":3}},"type":"if","locations":[{"start":{"line":150,"column":2},"end":{"line":189,"column":3}},{"start":{},"end":{}}],"line":150},"8":{"loc":{"start":{"line":151,"column":32},"end":{"line":151,"column":89}},"type":"binary-expr","locations":[{"start":{"line":151,"column":32},"end":{"line":151,"column":62}},{"start":{"line":151,"column":66},"end":{"line":151,"column":89}}],"line":151},"9":{"loc":{"start":{"line":162,"column":9},"end":{"line":181,"column":9}},"type":"cond-expr","locations":[{"start":{"line":163,"column":10},"end":{"line":172,"column":13}},{"start":{"line":174,"column":10},"end":{"line":180,"column":12}}],"line":162},"10":{"loc":{"start":{"line":192,"column":4},"end":{"line":192,"column":51}},"type":"if","locations":[{"start":{"line":192,"column":4},"end":{"line":192,"column":51}},{"start":{},"end":{}}],"line":192},"11":{"loc":{"start":{"line":192,"column":8},"end":{"line":192,"column":42}},"type":"binary-expr","locations":[{"start":{"line":192,"column":8},"end":{"line":192,"column":26}},{"start":{"line":192,"column":30},"end":{"line":192,"column":42}}],"line":192},"12":{"loc":{"start":{"line":199,"column":6},"end":{"line":201,"column":7}},"type":"if","locations":[{"start":{"line":199,"column":6},"end":{"line":201,"column":7}},{"start":{},"end":{}}],"line":199},"13":{"loc":{"start":{"line":199,"column":10},"end":{"line":199,"column":30}},"type":"binary-expr","locations":[{"start":{"line":199,"column":10},"end":{"line":199,"column":16}},{"start":{"line":199,"column":20},"end":{"line":199,"column":30}}],"line":199},"14":{"loc":{"start":{"line":215,"column":4},"end":{"line":215,"column":29}},"type":"if","locations":[{"start":{"l
[...]
ne":161,"column":94}},"type":"binary-expr","locations":[{"start":{"line":161,"column":14},"end":{"line":161,"column":30}},{"start":{"line":161,"column":34},"end":{"line":161,"column":68}},{"start":{"line":161,"column":72},"end":{"line":161,"column":94}}],"line":161},"27":{"loc":{"start":{"line":168,"column":26},"end":{"line":168,"column":78}},"type":"binary-expr","locations":[{"start":{"line":168,"column":26},"end":{"line":168,"column":38}},{"start":{"line":168,"column":43},"end":{"line":168,"column":69}},{"start":{"line":168,"column":73},"end":{"line":168,"column":77}}],"line":168},"28":{"loc":{"start":{"line":170,"column":2},"end":{"line":183,"column":3}},"type":"if","locations":[{"start":{"line":170,"column":2},"end":{"line":183,"column":3}},{"start":{},"end":{}}],"line":170},"29":{"loc":{"start":{"line":170,"column":6},"end":{"line":170,"column":34}},"type":"binary-expr","locations":[{"start":{"line":170,"column":6},"end":{"line":170,"column":27}},{"start":{"line":170,"column":31},"end":{"line":170,"column":34}}],"line":170},"30":{"loc":{"start":{"line":176,"column":15},"end":{"line":176,"column":44}},"type":"binary-expr","locations":[{"start":{"line":176,"column":15},"end":{"line":176,"column":31}},{"start":{"line":176,"column":35},"end":{"line":176,"column":44}}],"line":176},"31":{"loc":{"start":{"line":177,"column":12},"end":{"line":177,"column":45}},"type":"binary-expr","locations":[{"start":{"line":177,"column":12},"end":{"line":177,"column":32}},{"start":{"line":177,"column":36},"end":{"line":177,"column":45}}],"line":177},"32":{"loc":{"start":{"line":178,"column":24},"end":{"line":178,"column":70}},"type":"cond-expr","locations":[{"start":{"line":178,"column":61},"end":{"line":178,"column":64}},{"start":{"line":178,"column":67},"end":{"line":178,"column":70}}],"line":178},"33":{"loc":{"start":{"line":195,"column":2},"end":{"line":197,"column":3}},"type":"if","locations":[{"start":{"line":195,"column":2},"end":{"line":197,"column":3}},{"start":{},"end":{}}],"line":195},"34":{"loc":{"start":{"line":195,"column":6},"end":{"line":195,"column":44}},"type":"binary-expr","locations":[{"start":{"line":195,"column":6},"end":{"line":195,"column":18}},{"start":{"line":195,"column":22},"end":{"line":195,"column":44}}],"line":195},"35":{"loc":{"start":{"line":200,"column":14},"end":{"line":202,"column":17}},"type":"cond-expr","locations":[{"start":{"line":201,"column":8},"end":{"line":201,"column":61}},{"start":{"line":202,"column":8},"end":{"line":202,"column":17}}],"line":200},"36":{"loc":{"start":{"line":210,"column":2},"end":{"line":212,"column":3}},"type":"if","locations":[{"start":{"line":210,"column":2},"end":{"line":212,"column":3}},{"start":{},"end":{}}],"line":210},"37":{"loc":{"start":{"line":210,"column":6},"end":{"line":210,"column":44}},"type":"binary-expr","locations":[{"start":{"line":210,"column":6},"end":{"line":210,"column":18}},{"start":{"line":210,"column":22},"end":{"line":210,"column":44}}],"line":210},"38":{"loc":{"start":{"line":220,"column":2},"end":{"line":222,"column":3}},"type":"if","locations":[{"start":{"line":220,"column":2},"end":{"line":222,"column":3}},{"start":{},"end":{}}],"line":220},"39":{"loc":{"start":{"line":220,"column":6},"end":{"line":220,"column":44}},"type":"binary-expr","locations":[{"start":{"line":220,"column":6},"end":{"line":220,"column":18}},{"start":{"line":220,"column":22},"end":{"line":220,"column":44}}],"line":220},"40":{"loc":{"start":{"line":228,"column":2},"end":{"line":230,"column":3}},"type":"if","locations":[{"start":{"line":228,"column":2},"end":{"line":230,"column":3}},{"start":{},"end":{}}],"line":228},"41":{"loc":{"start":{"line":242,"column":2},"end":{"line":244,"column":3}},"type":"if","locations":[{"start":{"line":242,"column":2},"end":{"line":244,"column":3}},{"start":{},"end":{}}],"line":242},"42":{"loc":{"start":{"line":242,"column":6},"end":{"line":242,"column":44}},"type":"binary-expr","locations":[{"start":{"line":242,"column":6},"end":{"line":242,"column":18}},{"start":{"line":242,"column":22},"end":{"line":242,"column":44}}],"line":242},"43":{"loc":{"start":{"line":250,"column":11},"end":{"line":250,"column":34}},"type":"binary-expr","locations":[{"start":{"line":250,"column":11},"end":{"line":250,"column":24}},{"start":{"line":250,"column":28},"end":{"line":250,"column":34}}],"line":250}},"s":{"0":6,"1":6,"2":6,"3":6,"4":14,"5":6,"6":14,"7":6,"8":14,"9":6,"10":14,"11":14,"12":14,"13":0,"14":0,"15":0,"16":0,"17":0,"18":0,"19":0,"20":6,"21":14,"22":14,"23":6,"24":0,"25":0,"26":0,"27":0,"28":0,"29":0,"30":0,"31":0,"32":6,"33":0,"34":0,"35":0,"36":0,"37":0,"38":0,"39":0,"40":0,"41":0,"42":0,"43":0,"44":0,"45":0,"46":0,"47":0,"48":0,"49":0,"50":0,"51":0,"52":6,"53":15,"54":13,"55":2,"56":0,"57":0,"58":15,"59":1,"60":14,"61":14,"62":14,"63":14,"64":14,"65":14,"66":14,"67":14,"68":13,"69":13,"70":14,"71":2,"72":0,"73":2,"74":0,"75":0,"76":0,"77":2,"78":2,"79":0,"80":2,"81":15,"82":0,"83":15,"84":15,"85":15,"86":15,"87":15,"88":15,"89":15,"90":5,"91":0,"92":5,"93":1,"94":1,"95":1,"96":4},"f":{"0":14,"1":14,"2":14,"3":14,"4":14,"5":0,"6":0,"7":15,"8":0,"9":15,"10":2,"11":0,"12":2,"13":15,"14":5,"15":1,"16":1,"17":1,"18":4},"b":{"0":[14,0],"1":[14,0,0,0],"2":[0,0],"3":[14,14,14,14],"4":[14,0],"5":[0,0],"6":[0,0],"7":[0,0,0,0],"8":[0,0],"9":[0,0,0,0],"10":[0,14],"11":[0,0],"12":[0,0],"13":[0,0],"14":[0,0],"15":[0,0],"16":[0,0],"17":[0,0],"18":[0,0],"19":[0,0],"20":[0,0],"21":[0,0],"22":[0,0],"23":[13,2],"24":[15,2],"25":[1,14],"26":[14,14,1],"27":[14,13,0],"28":[13,1],"29":[14,13],"30":[13,13],"31":[13,13],"32":[0,13],"33":[0,2],"34":[2,2],"35":[1,1],"36":[0,0],"37":[0,0],"38":[0,2],"39":[2,2],"40":[0,15],"41":[0,5],"42":[5,5],"43":[5,4]},"_coverageSchema":"1a1c01bbd47fc00a2c39e90264f33305004495a9","hash":"c22259cc0236bbed0fe78fcb3c355421c29489f9"}
,"/Users/jac/Projects/023_MachineMate/src/shared/services/favoritesStorage.ts": {"path":"/Users/jac/Projects/023_MachineMate/src/shared/services/favoritesStorage.ts","statementMap":{"0":{"start":{"line":7,"column":22},"end":{"line":7,"column":46}},"1":{"start":{"line":14,"column":2},"end":{"line":26,"column":3}},"2":{"start":{"line":15,"column":18},"end":{"line":15,"column":59}},"3":{"start":{"line":16,"column":4},"end":{"line":16,"column":26}},"4":{"start":{"line":16,"column":16},"end":{"line":16,"column":26}},"5":{"start":{"line":18,"column":19},"end":{"line":18,"column":36}},"6":{"start":{"line":19,"column":22},"end":{"line":19,"column":51}},"7":{"start":{"line":20,"column":4},"end":{"line":20,"column":21}},"8":{"start":{"line":22,"column":4},"end":{"line":22,"column":89}},"9":{"start":{"line":24,"column":4},"end":{"line":24,"column":65}},"10":{"start":{"line":25,"column":4},"end":{"line":25,"column":14}},"11":{"start":{"line":34,"column":2},"end":{"line":40,"column":3}},"12":{"start":{"line":35,"column":22},"end":{"line":35,"column":48}},"13":{"start":{"line":36,"column":4},"end":{"line":36,"column":73}},"14":{"start":{"line":38,"column":4},"end":{"line":38,"column":63}},"15":{"start":{"line":39,"column":4},"end":{"line":39,"column":16}},"16":{"start":{"line":48,"column":20},"end":{"line":48,"column":40}},"17":{"start":{"line":49,"column":16},"end":{"line":49,"column":37}},"18":{"start":{"line":51,"column":2},"end":{"line":57,"column":3}},"19":{"start":{"line":53,"column":4},"end":{"line":53,"column":31}},"20":{"start":{"line":56,"column":4},"end":{"line":56,"column":23}},"21":{"start":{"line":59,"column":2},"end":{"line":59,"column":32}},"22":{"start":{"line":60,"column":2},"end":{"line":60,"column":19}},"23":{"start":{"line":67,"column":20},"end":{"line":67,"column":40}},"24":{"start":{"line":68,"column":2},"end":{"line":68,"column":32}},"25":{"start":{"line":75,"column":2},"end":{"line":75,"column":25}}},"fnMap":{"0":{"name":"getFavorites","decl":{"start":{"line":13,"column":22},"end":{"line":13,"column":34}},"loc":{"start":{"line":13,"column":56},"end":{"line":27,"column":1}},"line":13},"1":{"name":"(anonymous_1)","decl":{"start":{"line":24,"column":55},"end":{"line":24,"column":56}},"loc":{"start":{"line":24,"column":61},"end":{"line":24,"column":63}},"line":24},"2":{"name":"setFavorites","decl":{"start":{"line":33,"column":22},"end":{"line":33,"column":34}},"loc":{"start":{"line":33,"column":65},"end":{"line":41,"column":1}},"line":33},"3":{"name":"toggleFavorite","decl":{"start":{"line":47,"column":22},"end":{"line":47,"column":36}},"loc":{"start":{"line":47,"column":68},"end":{"line":61,"column":1}},"line":47},"4":{"name":"isFavorite","decl":{"start":{"line":66,"column":22},"end":{"line":66,"column":32}},"loc":{"start":{"line":66,"column":63},"end":{"line":69,"column":1}},"line":66},"5":{"name":"clearFavorites","decl":{"start":{"line":74,"column":22},"end":{"line":74,"column":36}},"loc":{"start":{"line":74,"column":54},"end":{"line":76,"column":1}},"line":74}},"branchMap":{"0":{"loc":{"start":{"line":16,"column":4},"end":{"line":16,"column":26}},"type":"if","locations":[{"start":{"line":16,"column":4},"end":{"line":16,"column":26}},{"start":{},"end":{}}],"line":16},"1":{"loc":{"start":{"line":51,"column":2},"end":{"line":57,"column":3}},"type":"if","locations":[{"start":{"line":51,"column":2},"end":{"line":57,"column":3}},{"start":{"line":54,"column":9},"end":{"line":57,"column":3}}],"line":51}},"s":{"0":0,"1":0,"2":0,"3":0,"4":0,"5":0,"6":0,"7":0,"8":0,"9":0,"10":0,"11":0,"12":0,"13":0,"14":0,"15":0,"16":0,"17":0,"18":0,"19":0,"20":0,"21":0,"22":0,"23":0,"24":0,"25":0},"f":{"0":0,"1":0,"2":0,"3":0,"4":0,"5":0},"b":{"0":[0,0],"1":[0,0]}}
,"/Users/jac/Projects/023_MachineMate/src/shared/services/historyStorage.ts": {"path":"/Users/jac/Projects/023_MachineMate/src/shared/services/historyStorage.ts","statementMap":{"0":{"start":{"line":8,"column":20},"end":{"line":8,"column":42}},"1":{"start":{"line":9,"column":26},"end":{"line":9,"column":28}},"2":{"start":{"line":16,"column":2},"end":{"line":28,"column":3}},"3":{"start":{"line":17,"column":18},"end":{"line":17,"column":57}},"4":{"start":{"line":18,"column":4},"end":{"line":18,"column":26}},"5":{"start":{"line":18,"column":16},"end":{"line":18,"column":26}},"6":{"start":{"line":20,"column":19},"end":{"line":20,"column":36}},"7":{"start":{"line":21,"column":22},"end":{"line":21,"column":55}},"8":{"start":{"line":22,"column":4},"end":{"line":22,"column":21}},"9":{"start":{"line":24,"column":4},"end":{"line":24,"column":87}},"10":{"start":{"line":26,"column":4},"end":{"line":26,"column":63}},"11":{"start":{"line":27,"column":4},"end":{"line":27,"column":14}},"12":{"start":{"line":38,"column":2},"end":{"line":63,"column":3}},"13":{"start":{"line":39,"column":18},"end":{"line":39,"column":42}},"14":{"start":{"line":42,"column":4},"end":{"line":42,"column":67}},"15":{"start":{"line":42,"column":37},"end":{"line":42,"column":65}},"16":{"start":{"line":45,"column":39},"end":{"line":48,"column":5}},"17":{"start":{"line":49,"column":4},"end":{"line":49,"column":29}},"18":{"start":{"line":52,"column":4},"end":{"line":54,"column":5}},"19":{"start":{"line":53,"column":6},"end":{"line":53,"column":52}},"20":{"start":{"line":57,"column":22},"end":{"line":57,"column":56}},"21":{"start":{"line":58,"column":4},"end":{"line":58,"column":71}},"22":{"start":{"line":59,"column":4},"end":{"line":59,"column":21}},"23":{"start":{"line":61,"column":4},"end":{"line":61,"column":53}},"24":{"start":{"line":62,"column":4},"end":{"line":62,"column":36}},"25":{"start":{"line":70,"column":2},"end":{"line":74,"column":3}},"26":{"start":{"line":71,"column":4},"end":{"line":71,"column":64}},"27":{"start":{"line":73,"column":4},"end":{"line":73,"column":52}}},"fnMap":{"0":{"name":"getRecentHistory","decl":{"start":{"line":15,"column":22},"end":{"line":15,"column":38}},"loc":{"start":{"line":15,"column":71},"end":{"line":29,"column":1}},"line":15},"1":{"name":"(anonymous_1)","decl":{"start":{"line":26,"column":53},"end":{"line":26,"column":54}},"loc":{"start":{"line":26,"column":59},"end":{"line":26,"column":61}},"line":26},"2":{"name":"addToRecentHistory","decl":{"start":{"line":37,"column":22},"end":{"line":37,"column":40}},"loc":{"start":{"line":37,"column":90},"end":{"line":64,"column":1}},"line":37},"3":{"name":"(anonymous_3)","decl":{"start":{"line":42,"column":29},"end":{"line":42,"column":30}},"loc":{"start":{"line":42,"column":37},"end":{"line":42,"column":65}},"line":42},"4":{"name":"clearHistory","decl":{"start":{"line":69,"column":22},"end":{"line":69,"column":34}},"loc":{"start":{"line":69,"column":52},"end":{"line":75,"column":1}},"line":69}},"branchMap":{"0":{"loc":{"start":{"line":18,"column":4},"end":{"line":18,"column":26}},"type":"if","locations":[{"start":{"line":18,"column":4},"end":{"line":18,"column":26}},{"start":{},"end":{}}],"line":18},"1":{"loc":{"start":{"line":52,"column":4},"end":{"line":54,"column":5}},"type":"if","locations":[{"start":{"line":52,"column":4},"end":{"line":54,"column":5}},{"start":{},"end":{}}],"line":52}},"s":{"0":0,"1":0,"2":0,"3":0,"4":0,"5":0,"6":0,"7":0,"8":0,"9":0,"10":0,"11":0,"12":0,"13":0,"14":0,"15":0,"16":0,"17":0,"18":0,"19":0,"20":0,"21":0,"22":0,"23":0,"24":0,"25":0,"26":0,"27":0},"f":{"0":0,"1":0,"2":0,"3":0,"4":0},"b":{"0":[0,0],"1":[0,0]}}
,"/Users/jac/Projects/023_MachineMate/src/shared/services/recognitionSettingsStorage.ts": {"path":"/Users/jac/Projects/023_MachineMate/src/shared/services/recognitionSettingsStorage.ts","statementMap":{"0":{"start":{"line":9,"column":23},"end":{"line":9,"column":65}},"1":{"start":{"line":11,"column":15},"end":{"line":11,"column":58}},"2":{"start":{"line":13,"column":22},"end":{"line":14,"column":53}},"3":{"start":{"line":14,"column":2},"end":{"line":14,"column":53}},"4":{"start":{"line":17,"column":2},"end":{"line":33,"column":3}},"5":{"start":{"line":18,"column":19},"end":{"line":18,"column":61}},"6":{"start":{"line":19,"column":4},"end":{"line":21,"column":5}},"7":{"start":{"line":20,"column":6},"end":{"line":20,"column":18}},"8":{"start":{"line":23,"column":19},"end":{"line":23,"column":33}},"9":{"start":{"line":24,"column":4},"end":{"line":27,"column":5}},"10":{"start":{"line":25,"column":6},"end":{"line":25,"column":78}},"11":{"start":{"line":26,"column":6},"end":{"line":26,"column":18}},"12":{"start":{"line":29,"column":4},"end":{"line":29,"column":18}},"13":{"start":{"line":31,"column":4},"end":{"line":31,"column":66}},"14":{"start":{"line":32,"column":4},"end":{"line":32,"column":16}},"15":{"start":{"line":37,"column":2},"end":{"line":42,"column":3}},"16":{"start":{"line":38,"column":4},"end":{"line":38,"column":65}},"17":{"start":{"line":40,"column":4},"end":{"line":40,"column":76}},"18":{"start":{"line":41,"column":4},"end":{"line":41,"column":16}},"19":{"start":{"line":46,"column":2},"end":{"line":51,"column":3}},"20":{"start":{"line":47,"column":4},"end":{"line":47,"column":50}},"21":{"start":{"line":49,"column":4},"end":{"line":49,"column":89}},"22":{"start":{"line":50,"column":4},"end":{"line":50,"column":88}}},"fnMap":{"0":{"name":"(anonymous_0)","decl":{"start":{"line":13,"column":22},"end":{"line":13,"column":23}},"loc":{"start":{"line":14,"column":2},"end":{"line":14,"column":53}},"line":14},"1":{"name":"loadConfidenceThreshold","decl":{"start":{"line":16,"column":22},"end":{"line":16,"column":45}},"loc":{"start":{"line":16,"column":72},"end":{"line":34,"column":1}},"line":16},"2":{"name":"saveConfidenceThreshold","decl":{"start":{"line":36,"column":22},"end":{"line":36,"column":45}},"loc":{"start":{"line":36,"column":76},"end":{"line":43,"column":1}},"line":36},"3":{"name":"clearConfidenceThreshold","decl":{"start":{"line":45,"column":22},"end":{"line":45,"column":46}},"loc":{"start":{"line":45,"column":64},"end":{"line":52,"column":1}},"line":45}},"branchMap":{"0":{"loc":{"start":{"line":14,"column":2},"end":{"line":14,"column":53}},"type":"binary-expr","locations":[{"start":{"line":14,"column":2},"end":{"line":14,"column":27}},{"start":{"line":14,"column":31},"end":{"line":14,"column":53}}],"line":14},"1":{"loc":{"start":{"line":19,"column":4},"end":{"line":21,"column":5}},"type":"if","locations":[{"start":{"line":19,"column":4},"end":{"line":21,"column":5}},{"start":{},"end":{}}],"line":19},"2":{"loc":{"start":{"line":24,"column":4},"end":{"line":27,"column":5}},"type":"if","locations":[{"start":{"line":24,"column":4},"end":{"line":27,"column":5}},{"start":{},"end":{}}],"line":24}},"s":{"0":1,"1":1,"2":1,"3":0,"4":7,"5":7,"6":7,"7":7,"8":0,"9":0,"10":0,"11":0,"12":0,"13":0,"14":0,"15":0,"16":0,"17":0,"18":0,"19":0,"20":0,"21":0,"22":0},"f":{"0":0,"1":7,"2":0,"3":0},"b":{"0":[0,0],"1":[7,0],"2":[0,0]},"_coverageSchema":"1a1c01bbd47fc00a2c39e90264f33305004495a9","hash":"28974816a1c03be753863a60ab8336291cb2fe08"}
,"/Users/jac/Projects/023_MachineMate/src/shared/services/validation.ts": {"path":"/Users/jac/Projects/023_MachineMate/src/shared/services/validation.ts","statementMap":{"0":{"start":{"line":12,"column":2},"end":{"line":12,"column":60}},"1":{"start":{"line":12,"column":34},"end":{"line":12,"column":58}},"2":{"start":{"line":23,"column":29},"end":{"line":23,"column":31}},"3":{"start":{"line":24,"column":31},"end":{"line":24,"column":33}},"4":{"start":{"line":26,"column":2},"end":{"line":32,"column":3}},"5":{"start":{"line":27,"column":4},"end":{"line":31,"column":5}},"6":{"start":{"line":28,"column":6},"end":{"line":28,"column":24}},"7":{"start":{"line":30,"column":6},"end":{"line":30,"column":26}},"8":{"start":{"line":34,"column":2},"end":{"line":39,"column":3}},"9":{"start":{"line":35,"column":4},"end":{"line":38,"column":6}},"10":{"start":{"line":41,"column":2},"end":{"line":41,"column":18}},"11":{"start":{"line":52,"column":2},"end":{"line":54,"column":3}},"12":{"start":{"line":53,"column":4},"end":{"line":53,"column":61}},"13":{"start":{"line":56,"column":2},"end":{"line":60,"column":3}},"14":{"start":{"line":57,"column":4},"end":{"line":59,"column":6}}},"fnMap":{"0":{"name":"isMachineIdValid","decl":{"start":{"line":8,"column":16},"end":{"line":8,"column":32}},"loc":{"start":{"line":11,"column":11},"end":{"line":13,"column":1}},"line":11},"1":{"name":"(anonymous_1)","decl":{"start":{"line":12,"column":23},"end":{"line":12,"column":24}},"loc":{"start":{"line":12,"column":34},"end":{"line":12,"column":58}},"line":12},"2":{"name":"filterValidMachineIds","decl":{"start":{"line":19,"column":16},"end":{"line":19,"column":37}},"loc":{"start":{"line":22,"column":12},"end":{"line":42,"column":1}},"line":22},"3":{"name":"validateMachineId","decl":{"start":{"line":48,"column":16},"end":{"line":48,"column":33}},"loc":{"start":{"line":51,"column":8},"end":{"line":61,"column":1}},"line":51}},"branchMap":{"0":{"loc":{"start":{"line":27,"column":4},"end":{"line":31,"column":5}},"type":"if","locations":[{"start":{"line":27,"column":4},"end":{"line":31,"column":5}},{"start":{"line":29,"column":11},"end":{"line":31,"column":5}}],"line":27},"1":{"loc":{"start":{"line":34,"column":2},"end":{"line":39,"column":3}},"type":"if","locations":[{"start":{"line":34,"column":2},"end":{"line":39,"column":3}},{"start":{},"end":{}}],"line":34},"2":{"loc":{"start":{"line":52,"column":2},"end":{"line":54,"column":3}},"type":"if","locations":[{"start":{"line":52,"column":2},"end":{"line":54,"column":3}},{"start":{},"end":{}}],"line":52},"3":{"loc":{"start":{"line":52,"column":6},"end":{"line":52,"column":49}},"type":"binary-expr","locations":[{"start":{"line":52,"column":6},"end":{"line":52,"column":16}},{"start":{"line":52,"column":20},"end":{"line":52,"column":49}}],"line":52},"4":{"loc":{"start":{"line":56,"column":2},"end":{"line":60,"column":3}},"type":"if","locations":[{"start":{"line":56,"column":2},"end":{"line":60,"column":3}},{"start":{},"end":{}}],"line":56}},"s":{"0":122,"1":367,"2":83,"3":83,"4":83,"5":113,"6":108,"7":5,"8":83,"9":5,"10":83,"11":9,"12":0,"13":9,"14":2},"f":{"0":122,"1":367,"2":83,"3":9},"b":{"0":[108,5],"1":[5,78],"2":[0,9],"3":[9,9],"4":[2,7]},"_coverageSchema":"1a1c01bbd47fc00a2c39e90264f33305004495a9","hash":"669dc2639303cb18470dfef734d2a0fa53458c79"}
}
