TN:
SF:src/app/navigation/HomeStack.tsx
FN:15,HomeStack
FNF:1
FNH:0
FNDA:0,HomeStack
DA:13,0
DA:16,0
LF:2
LH:0
BRF:0
BRH:0
end_of_record
TN:
SF:src/app/navigation/LibraryStack.tsx
FN:14,LibraryStack
FNF:1
FNH:0
FNDA:0,LibraryStack
DA:12,0
DA:15,0
LF:2
LH:0
BRF:0
BRH:0
end_of_record
TN:
SF:src/app/navigation/RootNavigator.tsx
FN:18,RootNavigator
FN:36,(anonymous_1)
FN:46,(anonymous_2)
FN:56,(anonymous_3)
FNF:4
FNH:0
FNDA:0,RootNavigator
FNDA:0,(anonymous_1)
FNDA:0,(anonymous_2)
FNDA:0,(anonymous_3)
DA:16,0
DA:19,0
DA:37,0
DA:47,0
DA:57,0
LF:5
LH:0
BRF:0
BRH:0
end_of_record
TN:
SF:src/app/providers/MachinesProvider.tsx
FN:12,MachinesProvider
FN:20,useMachines
FNF:2
FNH:2
FNDA:26,MachinesProvider
FNDA:91,useMachines
DA:10,3
DA:13,26
DA:21,91
DA:22,91
DA:23,0
DA:28,91
LF:6
LH:5
BRDA:22,0,0,0
BRDA:22,0,1,91
BRF:2
BRH:1
end_of_record
TN:
SF:src/app/providers/RecognitionSettingsProvider.tsx
FN:33,(anonymous_0)
FN:40,RecognitionSettingsProvider
FN:46,(anonymous_2)
FN:49,(anonymous_3)
FN:54,(anonymous_4)
FN:60,(anonymous_5)
FN:65,(anonymous_6)
FN:72,(anonymous_7)
FN:83,(anonymous_8)
FN:107,useRecognitionSettings
FNF:10
FNH:6
FNDA:0,(anonymous_0)
FNDA:14,RecognitionSettingsProvider
FNDA:7,(anonymous_2)
FNDA:7,(anonymous_3)
FNDA:7,(anonymous_4)
FNDA:7,(anonymous_5)
FNDA:0,(anonymous_6)
FNDA:0,(anonymous_7)
FNDA:0,(anonymous_8)
FNDA:22,useRecognitionSettings
DA:29,1
DA:31,1
DA:33,1
DA:34,0
DA:41,14
DA:44,14
DA:46,14
DA:47,7
DA:48,7
DA:50,7
DA:51,0
DA:55,7
DA:56,7
DA:60,7
DA:61,7
DA:65,14
DA:66,0
DA:67,0
DA:68,0
DA:71,14
DA:73,0
DA:74,0
DA:76,0
DA:77,0
DA:83,14
DA:84,0
DA:85,0
DA:86,0
DA:88,0
DA:89,0
DA:93,14
DA:108,22
DA:109,22
DA:110,0
DA:115,22
LF:35
LH:20
BRDA:50,0,0,0
BRDA:50,0,1,7
BRDA:50,1,0,7
BRDA:50,1,1,0
BRDA:55,2,0,7
BRDA:55,2,1,0
BRDA:109,3,0,0
BRDA:109,3,1,22
BRF:8
BRH:4
end_of_record
TN:
SF:src/data/validateMachines.ts
FN:16,validateMachineData
FN:19,(anonymous_1)
FN:83,logValidationResults
FN:92,(anonymous_3)
FN:103,assertValidMachines
FN:108,(anonymous_5)
FNF:6
FNH:0
FNDA:0,validateMachineData
FNDA:0,(anonymous_1)
FNDA:0,logValidationResults
FNDA:0,(anonymous_3)
FNDA:0,assertValidMachines
FNDA:0,(anonymous_5)
DA:5,0
DA:17,0
DA:19,0
DA:20,0
DA:21,0
DA:28,0
DA:29,0
DA:36,0
DA:37,0
DA:44,0
DA:45,0
DA:52,0
DA:53,0
DA:60,0
DA:61,0
DA:68,0
DA:69,0
DA:77,0
DA:84,0
DA:86,0
DA:87,0
DA:88,0
DA:91,0
DA:92,0
DA:93,0
DA:96,0
DA:104,0
DA:106,0
DA:107,0
DA:108,0
DA:111,0
LF:31
LH:0
BRDA:20,0,0,0
BRDA:20,0,1,0
BRDA:28,1,0,0
BRDA:28,1,1,0
BRDA:28,2,0,0
BRDA:28,2,1,0
BRDA:36,3,0,0
BRDA:36,3,1,0
BRDA:36,4,0,0
BRDA:36,4,1,0
BRDA:44,5,0,0
BRDA:44,5,1,0
BRDA:44,6,0,0
BRDA:44,6,1,0
BRDA:52,7,0,0
BRDA:52,7,1,0
BRDA:52,8,0,0
BRDA:52,8,1,0
BRDA:60,9,0,0
BRDA:60,9,1,0
BRDA:60,10,0,0
BRDA:60,10,1,0
BRDA:68,11,0,0
BRDA:68,11,1,0
BRDA:68,12,0,0
BRDA:68,12,1,0
BRDA:86,13,0,0
BRDA:86,13,1,0
BRDA:106,14,0,0
BRDA:106,14,1,0
BRF:30
BRH:0
end_of_record
TN:
SF:src/features/auth/index.ts
FNF:0
FNH:0
LF:0
LH:0
BRF:0
BRH:0
end_of_record
TN:
SF:src/features/auth/hooks/index.ts
FNF:0
FNH:0
LF:0
LH:0
BRF:0
BRH:0
end_of_record
TN:
SF:src/features/auth/hooks/useSession.ts
FN:59,useSession
FN:70,(anonymous_1)
FN:73,(anonymous_2)
FN:122,(anonymous_3)
FN:139,(anonymous_4)
FN:155,(anonymous_5)
FN:163,(anonymous_6)
FN:171,(anonymous_7)
FN:173,(anonymous_8)
FN:190,(anonymous_9)
FN:203,(anonymous_10)
FN:216,(anonymous_11)
FN:241,(anonymous_12)
FN:253,(anonymous_13)
FN:255,(anonymous_14)
FN:272,(anonymous_15)
FN:285,(anonymous_16)
FN:298,(anonymous_17)
FN:324,(anonymous_18)
FN:336,(anonymous_19)
FN:338,(anonymous_20)
FN:344,(anonymous_21)
FN:357,(anonymous_22)
FN:369,(anonymous_23)
FN:370,(anonymous_24)
FNF:25
FNH:0
FNDA:0,useSession
FNDA:0,(anonymous_1)
FNDA:0,(anonymous_2)
FNDA:0,(anonymous_3)
FNDA:0,(anonymous_4)
FNDA:0,(anonymous_5)
FNDA:0,(anonymous_6)
FNDA:0,(anonymous_7)
FNDA:0,(anonymous_8)
FNDA:0,(anonymous_9)
FNDA:0,(anonymous_10)
FNDA:0,(anonymous_11)
FNDA:0,(anonymous_12)
FNDA:0,(anonymous_13)
FNDA:0,(anonymous_14)
FNDA:0,(anonymous_15)
FNDA:0,(anonymous_16)
FNDA:0,(anonymous_17)
FNDA:0,(anonymous_18)
FNDA:0,(anonymous_19)
FNDA:0,(anonymous_20)
FNDA:0,(anonymous_21)
FNDA:0,(anonymous_22)
FNDA:0,(anonymous_23)
FNDA:0,(anonymous_24)
DA:14,0
DA:60,0
DA:70,0
DA:72,0
DA:75,0
DA:76,0
DA:81,0
DA:87,0
DA:90,0
DA:92,0
DA:93,0
DA:94,0
DA:100,0
DA:103,0
DA:104,0
DA:107,0
DA:108,0
DA:109,0
DA:115,0
DA:123,0
DA:128,0
DA:139,0
DA:140,0
DA:143,0
DA:144,0
DA:145,0
DA:151,0
DA:152,0
DA:155,0
DA:163,0
DA:164,0
DA:171,0
DA:172,0
DA:173,0
DA:175,0
DA:181,0
DA:182,0
DA:183,0
DA:188,0
DA:189,0
DA:190,0
DA:195,0
DA:199,0
DA:201,0
DA:202,0
DA:203,0
DA:208,0
DA:211,0
DA:212,0
DA:213,0
DA:214,0
DA:215,0
DA:216,0
DA:221,0
DA:224,0
DA:233,0
DA:234,0
DA:236,0
DA:237,0
DA:238,0
DA:241,0
DA:246,0
DA:253,0
DA:254,0
DA:255,0
DA:257,0
DA:263,0
DA:264,0
DA:265,0
DA:270,0
DA:271,0
DA:272,0
DA:277,0
DA:281,0
DA:283,0
DA:284,0
DA:285,0
DA:290,0
DA:293,0
DA:294,0
DA:295,0
DA:296,0
DA:297,0
DA:298,0
DA:303,0
DA:306,0
DA:316,0
DA:317,0
DA:319,0
DA:320,0
DA:321,0
DA:324,0
DA:329,0
DA:336,0
DA:337,0
DA:338,0
DA:340,0
DA:342,0
DA:343,0
DA:344,0
DA:349,0
DA:352,0
DA:356,0
DA:357,0
DA:362,0
DA:369,0
DA:370,0
DA:373,0
LF:108
LH:0
BRDA:75,0,0,0
BRDA:75,0,1,0
BRDA:75,1,0,0
BRDA:75,1,1,0
BRDA:75,1,2,0
BRDA:92,2,0,0
BRDA:92,2,1,0
BRDA:103,3,0,0
BRDA:103,3,1,0
BRDA:104,4,0,0
BRDA:104,4,1,0
BRDA:107,5,0,0
BRDA:107,5,1,0
BRDA:125,6,0,0
BRDA:125,6,1,0
BRDA:140,7,0,0
BRDA:140,7,1,0
BRDA:143,8,0,0
BRDA:143,8,1,0
BRDA:181,9,0,0
BRDA:181,9,1,0
BRDA:181,10,0,0
BRDA:181,10,1,0
BRDA:201,11,0,0
BRDA:201,11,1,0
BRDA:211,12,0,0
BRDA:211,12,1,0
BRDA:211,13,0,0
BRDA:211,13,1,0
BRDA:233,14,0,0
BRDA:233,14,1,0
BRDA:236,15,0,0
BRDA:236,15,1,0
BRDA:263,16,0,0
BRDA:263,16,1,0
BRDA:263,17,0,0
BRDA:263,17,1,0
BRDA:283,18,0,0
BRDA:283,18,1,0
BRDA:293,19,0,0
BRDA:293,19,1,0
BRDA:293,20,0,0
BRDA:293,20,1,0
BRDA:316,21,0,0
BRDA:316,21,1,0
BRDA:319,22,0,0
BRDA:319,22,1,0
BRDA:342,23,0,0
BRDA:342,23,1,0
BRF:49
BRH:0
end_of_record
TN:
SF:src/features/auth/navigation/AuthStack.tsx
FN:22,AuthStack
FNF:1
FNH:0
FNDA:0,AuthStack
DA:20,0
DA:23,0
LF:2
LH:0
BRF:0
BRH:0
end_of_record
TN:
SF:src/features/auth/screens/LoginScreen.tsx
FN:25,LoginScreen
FN:34,(anonymous_1)
FN:78,(anonymous_2)
FN:108,(anonymous_3)
FN:128,(anonymous_4)
FNF:5
FNH:0
FNDA:0,LoginScreen
FNDA:0,(anonymous_1)
FNDA:0,(anonymous_2)
FNDA:0,(anonymous_3)
FNDA:0,(anonymous_4)
DA:23,0
DA:26,0
DA:27,0
DA:29,0
DA:30,0
DA:31,0
DA:32,0
DA:34,0
DA:36,0
DA:37,0
DA:40,0
DA:41,0
DA:42,0
DA:45,0
DA:46,0
DA:47,0
DA:50,0
DA:51,0
DA:52,0
DA:55,0
DA:56,0
DA:57,0
DA:59,0
DA:62,0
DA:66,0
DA:72,0
DA:74,0
DA:78,0
DA:79,0
DA:82,0
DA:84,0
DA:109,0
DA:110,0
DA:111,0
DA:112,0
DA:129,0
DA:130,0
DA:131,0
DA:132,0
LF:39
LH:0
BRDA:40,0,0,0
BRDA:40,0,1,0
BRDA:45,1,0,0
BRDA:45,1,1,0
BRDA:50,2,0,0
BRDA:50,2,1,0
BRDA:62,3,0,0
BRDA:62,3,1,0
BRDA:64,4,0,0
BRDA:64,4,1,0
BRDA:82,5,0,0
BRDA:82,5,1,0
BRDA:87,6,0,0
BRDA:87,6,1,0
BRDA:88,7,0,0
BRDA:88,7,1,0
BRDA:110,8,0,0
BRDA:110,8,1,0
BRDA:130,9,0,0
BRDA:130,9,1,0
BRDA:145,10,0,0
BRDA:145,10,1,0
BRDA:152,11,0,0
BRDA:152,11,1,0
BRF:24
BRH:0
end_of_record
TN:
SF:src/features/auth/screens/SignupScreen.tsx
FN:24,SignupScreen
FN:34,(anonymous_1)
FN:88,(anonymous_2)
FN:118,(anonymous_3)
FN:138,(anonymous_4)
FN:158,(anonymous_5)
FNF:6
FNH:0
FNDA:0,SignupScreen
FNDA:0,(anonymous_1)
FNDA:0,(anonymous_2)
FNDA:0,(anonymous_3)
FNDA:0,(anonymous_4)
FNDA:0,(anonymous_5)
DA:22,0
DA:25,0
DA:26,0
DA:28,0
DA:29,0
DA:30,0
DA:31,0
DA:32,0
DA:34,0
DA:36,0
DA:37,0
DA:40,0
DA:41,0
DA:42,0
DA:45,0
DA:46,0
DA:47,0
DA:50,0
DA:51,0
DA:52,0
DA:55,0
DA:56,0
DA:57,0
DA:60,0
DA:61,0
DA:62,0
DA:65,0
DA:66,0
DA:67,0
DA:69,0
DA:72,0
DA:76,0
DA:82,0
DA:84,0
DA:88,0
DA:89,0
DA:92,0
DA:94,0
DA:119,0
DA:120,0
DA:121,0
DA:122,0
DA:139,0
DA:140,0
DA:141,0
DA:142,0
DA:159,0
DA:160,0
DA:161,0
DA:162,0
LF:50
LH:0
BRDA:40,0,0,0
BRDA:40,0,1,0
BRDA:45,1,0,0
BRDA:45,1,1,0
BRDA:50,2,0,0
BRDA:50,2,1,0
BRDA:55,3,0,0
BRDA:55,3,1,0
BRDA:60,4,0,0
BRDA:60,4,1,0
BRDA:72,5,0,0
BRDA:72,5,1,0
BRDA:74,6,0,0
BRDA:74,6,1,0
BRDA:92,7,0,0
BRDA:92,7,1,0
BRDA:97,8,0,0
BRDA:97,8,1,0
BRDA:98,9,0,0
BRDA:98,9,1,0
BRDA:120,10,0,0
BRDA:120,10,1,0
BRDA:140,11,0,0
BRDA:140,11,1,0
BRDA:160,12,0,0
BRDA:160,12,1,0
BRDA:175,13,0,0
BRDA:175,13,1,0
BRDA:182,14,0,0
BRDA:182,14,1,0
BRF:30
BRH:0
end_of_record
TN:
SF:src/features/home/index.ts
FNF:0
FNH:0
LF:0
LH:0
BRF:0
BRH:0
end_of_record
TN:
SF:src/features/home/screens/HomeScreen.tsx
FN:28,HomeScreen
FN:41,(anonymous_1)
FN:45,(anonymous_2)
FN:61,(anonymous_3)
FN:61,(anonymous_4)
FN:62,(anonymous_5)
FN:66,(anonymous_6)
FN:66,(anonymous_7)
FN:67,(anonymous_8)
FN:102,(anonymous_9)
FN:107,(anonymous_10)
FN:120,(anonymous_11)
FN:125,(anonymous_12)
FNF:13
FNH:0
FNDA:0,HomeScreen
FNDA:0,(anonymous_1)
FNDA:0,(anonymous_2)
FNDA:0,(anonymous_3)
FNDA:0,(anonymous_4)
FNDA:0,(anonymous_5)
FNDA:0,(anonymous_6)
FNDA:0,(anonymous_7)
FNDA:0,(anonymous_8)
FNDA:0,(anonymous_9)
FNDA:0,(anonymous_10)
FNDA:0,(anonymous_11)
FNDA:0,(anonymous_12)
DA:29,0
DA:30,0
DA:33,0
DA:34,0
DA:36,0
DA:39,0
DA:41,0
DA:42,0
DA:45,0
DA:46,0
DA:54,0
DA:60,0
DA:61,0
DA:62,0
DA:65,0
DA:66,0
DA:67,0
DA:69,0
DA:103,0
DA:107,0
DA:121,0
DA:125,0
LF:22
LH:0
BRDA:36,0,0,0
BRDA:36,0,1,0
BRDA:88,1,0,0
BRDA:88,1,1,0
BRDA:97,2,0,0
BRDA:97,2,1,0
BRDA:97,2,2,0
BRDA:113,3,0,0
BRDA:113,3,1,0
BRDA:113,3,2,0
BRDA:113,3,3,0
BRDA:115,4,0,0
BRDA:115,4,1,0
BRDA:115,4,2,0
BRDA:131,5,0,0
BRDA:131,5,1,0
BRDA:131,5,2,0
BRDA:131,5,3,0
BRF:18
BRH:0
end_of_record
TN:
SF:src/features/identification/index.ts
FNF:0
FNH:0
LF:0
LH:0
BRF:0
BRH:0
end_of_record
TN:
SF:src/features/identification/components/MachinePickerModal.tsx
FN:19,MachinePickerModal
FN:28,(anonymous_1)
FN:34,(anonymous_2)
FN:36,(anonymous_3)
FN:44,(anonymous_4)
FN:68,(anonymous_5)
FN:71,(anonymous_6)
FN:75,(anonymous_7)
FN:76,(anonymous_8)
FN:93,(anonymous_9)
FNF:10
FNH:0
FNDA:0,MachinePickerModal
FNDA:0,(anonymous_1)
FNDA:0,(anonymous_2)
FNDA:0,(anonymous_3)
FNDA:0,(anonymous_4)
FNDA:0,(anonymous_5)
FNDA:0,(anonymous_6)
FNDA:0,(anonymous_7)
FNDA:0,(anonymous_8)
FNDA:0,(anonymous_9)
DA:26,0
DA:28,0
DA:29,0
DA:30,0
DA:31,0
DA:34,0
DA:35,0
DA:36,0
DA:37,0
DA:39,0
DA:40,0
DA:44,0
DA:45,0
DA:46,0
DA:47,0
DA:50,0
DA:68,0
DA:72,0
DA:75,0
DA:77,0
DA:94,0
DA:95,0
LF:22
LH:0
BRDA:30,0,0,0
BRDA:30,0,1,0
BRDA:40,1,0,0
BRDA:40,1,1,0
BRDA:40,1,2,0
BRDA:79,2,0,0
BRDA:79,2,1,0
BRF:7
BRH:0
end_of_record
TN:
SF:src/features/identification/hooks/index.ts
FNF:0
FNH:0
LF:0
LH:0
BRF:0
BRH:0
end_of_record
TN:
SF:src/features/identification/hooks/useIdentifyMachine.ts
FN:58,useIdentifyMachine
FN:66,(anonymous_1)
FNF:2
FNH:2
FNDA:22,useIdentifyMachine
FNDA:8,(anonymous_1)
DA:12,1
DA:59,22
DA:60,22
DA:61,22
DA:62,22
DA:63,22
DA:65,22
DA:67,8
DA:68,8
DA:69,8
DA:71,8
DA:72,8
DA:75,5
DA:76,5
DA:78,3
DA:79,3
DA:80,3
DA:81,3
DA:83,8
DA:89,22
LF:20
LH:20
BRDA:78,0,0,2
BRDA:78,0,1,1
BRF:2
BRH:2
end_of_record
TN:
SF:src/features/identification/screens/CameraScreen.tsx
FN:29,CameraScreen
FN:40,(anonymous_1)
FN:46,(anonymous_2)
FN:49,(anonymous_3)
FN:56,(anonymous_4)
FN:57,(anonymous_5)
FN:70,(anonymous_6)
FN:85,(anonymous_7)
FN:86,(anonymous_8)
FN:94,(anonymous_9)
FN:129,(anonymous_10)
FN:185,(anonymous_11)
FN:191,(anonymous_12)
FN:214,(anonymous_13)
FN:265,(anonymous_14)
FNF:15
FNH:0
FNDA:0,CameraScreen
FNDA:0,(anonymous_1)
FNDA:0,(anonymous_2)
FNDA:0,(anonymous_3)
FNDA:0,(anonymous_4)
FNDA:0,(anonymous_5)
FNDA:0,(anonymous_6)
FNDA:0,(anonymous_7)
FNDA:0,(anonymous_8)
FNDA:0,(anonymous_9)
FNDA:0,(anonymous_10)
FNDA:0,(anonymous_11)
FNDA:0,(anonymous_12)
FNDA:0,(anonymous_13)
FNDA:0,(anonymous_14)
DA:30,0
DA:31,0
DA:32,0
DA:33,0
DA:34,0
DA:35,0
DA:36,0
DA:37,0
DA:38,0
DA:39,0
DA:40,0
DA:41,0
DA:42,0
DA:46,0
DA:47,0
DA:49,0
DA:50,0
DA:55,0
DA:57,0
DA:62,0
DA:63,0
DA:70,0
DA:71,0
DA:72,0
DA:73,0
DA:75,0
DA:76,0
DA:81,0
DA:85,0
DA:86,0
DA:87,0
DA:94,0
DA:95,0
DA:96,0
DA:97,0
DA:98,0
DA:101,0
DA:102,0
DA:105,0
DA:106,0
DA:107,0
DA:110,0
DA:118,0
DA:120,0
DA:121,0
DA:125,0
DA:129,0
DA:130,0
DA:131,0
DA:133,0
DA:135,0
DA:140,0
DA:141,0
DA:146,0
DA:150,0
DA:151,0
DA:153,0
DA:185,0
DA:191,0
DA:192,0
DA:194,0
DA:195,0
DA:199,0
DA:200,0
DA:203,0
DA:205,0
DA:206,0
DA:210,0
DA:214,0
DA:215,0
DA:217,0
DA:218,0
DA:219,0
DA:222,0
DA:225,0
DA:226,0
DA:232,0
DA:233,0
DA:236,0
DA:237,0
DA:238,0
DA:241,0
DA:243,0
DA:244,0
DA:248,0
DA:252,0
DA:265,0
LF:87
LH:0
BRDA:41,0,0,0
BRDA:41,0,1,0
BRDA:62,1,0,0
BRDA:62,1,1,0
BRDA:96,2,0,0
BRDA:96,2,1,0
BRDA:98,3,0,0
BRDA:98,3,1,0
BRDA:101,4,0,0
BRDA:101,4,1,0
BRDA:105,5,0,0
BRDA:105,5,1,0
BRDA:107,6,0,0
BRDA:107,6,1,0
BRDA:150,7,0,0
BRDA:150,7,1,0
BRDA:151,8,0,0
BRDA:151,8,1,0
BRDA:162,9,0,0
BRDA:162,9,1,0
BRDA:192,10,0,0
BRDA:192,10,1,0
BRDA:192,11,0,0
BRDA:192,11,1,0
BRDA:199,12,0,0
BRDA:199,12,1,0
BRDA:199,13,0,0
BRDA:199,13,1,0
BRDA:215,14,0,0
BRDA:215,14,1,0
BRDA:218,15,0,0
BRDA:218,15,1,0
BRDA:225,16,0,0
BRDA:225,16,1,0
BRDA:232,17,0,0
BRDA:232,17,1,0
BRDA:232,18,0,0
BRDA:232,18,1,0
BRDA:232,18,2,0
BRDA:237,19,0,0
BRDA:237,19,1,0
BRDA:264,20,0,0
BRDA:264,20,1,0
BRDA:272,21,0,0
BRDA:272,21,1,0
BRDA:276,22,0,0
BRDA:276,22,1,0
BRDA:284,23,0,0
BRDA:284,23,1,0
BRF:49
BRH:0
end_of_record
TN:
SF:src/features/identification/screens/MachineResultScreen.tsx
FN:31,MachineResultScreen
FN:45,(anonymous_1)
FN:52,(anonymous_2)
FN:52,(anonymous_3)
FN:56,(anonymous_4)
FN:60,(anonymous_5)
FN:65,(anonymous_6)
FN:72,(anonymous_7)
FN:80,(anonymous_8)
FN:181,(anonymous_9)
FN:194,(anonymous_10)
FN:207,(anonymous_11)
FN:222,(anonymous_12)
FN:235,(anonymous_13)
FN:258,deriveManualPrompt
FN:311,deriveConfidenceCaption
FN:339,formatPercent
FN:347,describeConfidenceContext
FNF:18
FNH:0
FNDA:0,MachineResultScreen
FNDA:0,(anonymous_1)
FNDA:0,(anonymous_2)
FNDA:0,(anonymous_3)
FNDA:0,(anonymous_4)
FNDA:0,(anonymous_5)
FNDA:0,(anonymous_6)
FNDA:0,(anonymous_7)
FNDA:0,(anonymous_8)
FNDA:0,(anonymous_9)
FNDA:0,(anonymous_10)
FNDA:0,(anonymous_11)
FNDA:0,(anonymous_12)
FNDA:0,(anonymous_13)
FNDA:0,deriveManualPrompt
FNDA:0,deriveConfidenceCaption
FNDA:0,formatPercent
FNDA:0,describeConfidenceContext
DA:32,0
DA:33,0
DA:34,0
DA:37,0
DA:38,0
DA:40,0
DA:41,0
DA:42,0
DA:44,0
DA:45,0
DA:49,0
DA:51,0
DA:52,0
DA:55,0
DA:56,0
DA:59,0
DA:60,0
DA:65,0
DA:66,0
DA:67,0
DA:70,0
DA:71,0
DA:72,0
DA:73,0
DA:76,0
DA:80,0
DA:81,0
DA:83,0
DA:84,0
DA:86,0
DA:90,0
DA:182,0
DA:195,0
DA:208,0
DA:223,0
DA:236,0
DA:263,0
DA:264,0
DA:265,0
DA:270,0
DA:284,0
DA:291,0
DA:292,0
DA:297,0
DA:304,0
DA:315,0
DA:316,0
DA:317,0
DA:318,0
DA:320,0
DA:321,0
DA:323,0
DA:324,0
DA:327,0
DA:328,0
DA:329,0
DA:330,0
DA:332,0
DA:333,0
DA:336,0
DA:340,0
DA:341,0
DA:344,0
DA:351,0
DA:352,0
DA:354,0
DA:355,0
DA:358,0
DA:359,0
DA:362,0
DA:363,0
DA:366,0
LF:72
LH:0
BRDA:40,0,0,0
BRDA:40,0,1,0
BRDA:41,1,0,0
BRDA:41,1,1,0
BRDA:42,2,0,0
BRDA:42,2,1,0
BRDA:45,3,0,0
BRDA:45,3,1,0
BRDA:49,4,0,0
BRDA:49,4,1,0
BRDA:66,5,0,0
BRDA:66,5,1,0
BRDA:81,6,0,0
BRDA:81,6,1,0
BRDA:93,7,0,0
BRDA:93,7,1,0
BRDA:97,8,0,0
BRDA:97,8,1,0
BRDA:109,9,0,0
BRDA:109,9,1,0
BRDA:117,10,0,0
BRDA:117,10,1,0
BRDA:118,11,0,0
BRDA:118,11,1,0
BRDA:139,12,0,0
BRDA:139,12,1,0
BRDA:140,13,0,0
BRDA:140,13,1,0
BRDA:150,14,0,0
BRDA:150,14,1,0
BRDA:166,15,0,0
BRDA:166,15,1,0
BRDA:176,16,0,0
BRDA:176,16,1,0
BRDA:263,17,0,0
BRDA:263,17,1,0
BRDA:263,18,0,0
BRDA:263,18,1,0
BRDA:264,19,0,0
BRDA:264,19,1,0
BRDA:273,20,0,0
BRDA:273,20,1,0
BRDA:277,21,0,0
BRDA:277,21,1,0
BRDA:278,22,0,0
BRDA:278,22,1,0
BRDA:291,23,0,0
BRDA:291,23,1,0
BRDA:300,24,0,0
BRDA:300,24,1,0
BRDA:315,25,0,0
BRDA:315,25,1,0
BRDA:315,26,0,0
BRDA:315,26,1,0
BRDA:317,27,0,0
BRDA:317,27,1,0
BRDA:320,28,0,0
BRDA:320,28,1,0
BRDA:323,29,0,0
BRDA:323,29,1,0
BRDA:327,30,0,0
BRDA:327,30,1,0
BRDA:329,31,0,0
BRDA:329,31,1,0
BRDA:332,32,0,0
BRDA:332,32,1,0
BRDA:340,33,0,0
BRDA:340,33,1,0
BRDA:354,34,0,0
BRDA:354,34,1,0
BRDA:354,35,0,0
BRDA:354,35,1,0
BRDA:358,36,0,0
BRDA:358,36,1,0
BRDA:362,37,0,0
BRDA:362,37,1,0
BRF:76
BRH:0
end_of_record
TN:
SF:src/features/identification/services/config.ts
FNF:0
FNH:0
DA:3,1
DA:8,1
LF:2
LH:2
BRF:0
BRH:0
end_of_record
TN:
SF:src/features/identification/services/identifyMachine.ts
FN:38,(anonymous_0)
FN:54,identifyMachine
FN:83,(anonymous_2)
FN:88,(anonymous_3)
FN:118,identifyWithBackendApi
FN:143,(anonymous_5)
FN:210,(anonymous_6)
FN:249,buildBackendCandidateIds
FN:252,(anonymous_8)
FN:253,(anonymous_9)
FN:255,(anonymous_10)
FN:258,getFileNameFromUri
FN:264,inferMimeTypeFromUri
FN:278,clampConfidence
FN:285,ensureUploadablePhoto
FN:304,fallbackManualRecommendation
FN:315,hashString
FNF:17
FNH:0
FNDA:0,(anonymous_0)
FNDA:0,identifyMachine
FNDA:0,(anonymous_2)
FNDA:0,(anonymous_3)
FNDA:0,identifyWithBackendApi
FNDA:0,(anonymous_5)
FNDA:0,(anonymous_6)
FNDA:0,buildBackendCandidateIds
FNDA:0,(anonymous_8)
FNDA:0,(anonymous_9)
FNDA:0,(anonymous_10)
FNDA:0,getFileNameFromUri
FNDA:0,inferMimeTypeFromUri
FNDA:0,clampConfidence
FNDA:0,ensureUploadablePhoto
FNDA:0,fallbackManualRecommendation
FNDA:0,hashString
DA:22,1
DA:35,1
DA:38,1
DA:39,0
DA:40,0
DA:43,0
DA:44,0
DA:47,0
DA:48,0
DA:50,0
DA:59,0
DA:60,0
DA:64,0
DA:68,0
DA:74,0
DA:81,0
DA:84,0
DA:89,0
DA:90,0
DA:91,0
DA:94,0
DA:95,0
DA:96,0
DA:97,0
DA:100,0
DA:101,0
DA:104,0
DA:105,0
DA:106,0
DA:107,0
DA:112,0
DA:123,0
DA:124,0
DA:127,0
DA:128,0
DA:129,0
DA:130,0
DA:131,0
DA:133,0
DA:142,0
DA:143,0
DA:145,0
DA:149,0
DA:150,0
DA:152,0
DA:157,0
DA:158,0
DA:161,0
DA:168,0
DA:169,0
DA:170,0
DA:171,0
DA:175,0
DA:178,0
DA:180,0
DA:181,0
DA:182,0
DA:183,0
DA:186,0
DA:189,0
DA:191,0
DA:192,0
DA:193,0
DA:194,0
DA:195,0
DA:202,0
DA:209,0
DA:210,0
DA:213,0
DA:214,0
DA:224,0
DA:233,0
DA:234,0
DA:235,0
DA:238,0
DA:240,0
DA:243,0
DA:245,0
DA:250,0
DA:252,0
DA:253,0
DA:255,0
DA:259,0
DA:260,0
DA:261,0
DA:265,0
DA:266,0
DA:267,0
DA:269,0
DA:270,0
DA:272,0
DA:273,0
DA:275,0
DA:279,0
DA:280,0
DA:282,0
DA:286,0
DA:287,0
DA:288,0
DA:291,0
DA:292,0
DA:297,0
DA:299,0
DA:300,0
DA:305,0
DA:316,0
DA:317,0
DA:318,0
DA:319,0
DA:321,0
LF:110
LH:3
BRDA:35,0,0,1
BRDA:35,0,1,0
BRDA:39,1,0,0
BRDA:39,1,1,0
BRDA:43,2,0,0
BRDA:43,2,1,0
BRDA:59,3,0,0
BRDA:59,3,1,0
BRDA:64,4,0,0
BRDA:64,4,1,0
BRDA:90,5,0,0
BRDA:90,5,1,0
BRDA:94,6,0,0
BRDA:94,6,1,0
BRDA:100,7,0,0
BRDA:100,7,1,0
BRDA:123,8,0,0
BRDA:123,8,1,0
BRDA:157,9,0,0
BRDA:157,9,1,0
BRDA:168,10,0,0
BRDA:168,10,1,0
BRDA:181,11,0,0
BRDA:181,11,1,0
BRDA:194,12,0,0
BRDA:194,12,1,0
BRDA:213,13,0,0
BRDA:213,13,1,0
BRDA:233,14,0,0
BRDA:233,14,1,0
BRDA:260,15,0,0
BRDA:260,15,1,0
BRDA:261,16,0,0
BRDA:261,16,1,0
BRDA:266,17,0,0
BRDA:266,17,1,0
BRDA:269,18,0,0
BRDA:269,18,1,0
BRDA:272,19,0,0
BRDA:272,19,1,0
BRDA:272,20,0,0
BRDA:272,20,1,0
BRDA:279,21,0,0
BRDA:279,21,1,0
BRDA:287,22,0,0
BRDA:287,22,1,0
BRDA:287,23,0,0
BRDA:287,23,1,0
BRDA:297,24,0,0
BRDA:297,24,1,0
BRF:50
BRH:1
end_of_record
TN:
SF:src/features/library/index.ts
FNF:0
FNH:0
LF:0
LH:0
BRF:0
BRH:0
end_of_record
TN:
SF:src/features/library/components/MachineListItem.tsx
FN:20,MachineListItem
FNF:1
FNH:0
FNDA:0,MachineListItem
DA:26,0
LF:1
LH:0
BRDA:42,0,0,0
BRDA:42,0,1,0
BRDA:44,1,0,0
BRDA:44,1,1,0
BRDA:45,2,0,0
BRDA:45,2,1,0
BRF:6
BRH:0
end_of_record
TN:
SF:src/features/library/hooks/index.ts
FNF:0
FNH:0
LF:0
LH:0
BRF:0
BRH:0
end_of_record
TN:
SF:src/features/library/hooks/useFavorites.ts
FN:78,useFavorites
FN:84,(anonymous_1)
FN:111,(anonymous_2)
FN:116,(anonymous_3)
FN:133,(anonymous_4)
FN:136,(anonymous_5)
FN:143,(anonymous_6)
FN:146,syncFavorites
FN:168,(anonymous_8)
FN:174,(anonymous_9)
FN:208,(anonymous_10)
FN:210,(anonymous_11)
FN:240,(anonymous_12)
FN:247,(anonymous_13)
FN:257,(anonymous_14)
FNF:15
FNH:14
FNDA:36,useFavorites
FNDA:22,(anonymous_1)
FNDA:26,(anonymous_2)
FNDA:36,(anonymous_3)
FNDA:0,(anonymous_4)
FNDA:1,(anonymous_5)
FNDA:10,(anonymous_6)
FNDA:10,syncFavorites
FNDA:10,(anonymous_8)
FNDA:4,(anonymous_9)
FNDA:2,(anonymous_10)
FNDA:3,(anonymous_11)
FNDA:4,(anonymous_12)
FNDA:2,(anonymous_13)
FNDA:1,(anonymous_14)
DA:13,1
DA:15,1
DA:79,36
DA:80,36
DA:81,36
DA:83,36
DA:86,22
DA:87,22
DA:88,2
DA:102,36
DA:110,36
DA:111,26
DA:116,36
DA:118,36
DA:119,20
DA:123,16
DA:124,1
DA:126,1
DA:132,1
DA:134,0
DA:137,1
DA:143,36
DA:144,10
DA:147,10
DA:148,10
DA:149,10
DA:151,10
DA:153,10
DA:154,10
DA:158,0
DA:160,10
DA:161,10
DA:166,10
DA:168,10
DA:169,10
DA:173,36
DA:175,4
DA:176,4
DA:178,3
DA:179,1
DA:180,1
DA:183,2
DA:186,2
DA:189,2
DA:190,2
DA:191,2
DA:194,0
DA:195,0
DA:196,0
DA:199,1
DA:200,1
DA:201,1
DA:207,36
DA:209,2
DA:210,3
DA:212,2
DA:213,0
DA:214,0
DA:218,2
DA:221,2
DA:222,2
DA:223,2
DA:226,0
DA:227,0
DA:228,0
DA:231,0
DA:232,0
DA:233,0
DA:239,36
DA:241,4
DA:246,36
DA:248,2
DA:249,1
DA:251,1
DA:257,36
DA:258,1
DA:260,1
DA:261,1
DA:262,1
DA:265,0
DA:269,1
DA:270,1
DA:272,0
DA:273,0
DA:274,0
DA:278,36
LF:86
LH:69
BRDA:87,0,0,2
BRDA:87,0,1,20
BRDA:118,1,0,20
BRDA:118,1,1,16
BRDA:118,2,0,36
BRDA:118,2,1,16
BRDA:118,2,2,16
BRDA:123,3,0,1
BRDA:123,3,1,15
BRDA:123,4,0,16
BRDA:123,4,1,10
BRDA:151,5,0,10
BRDA:151,5,1,0
BRDA:160,6,0,10
BRDA:160,6,1,0
BRDA:178,7,0,1
BRDA:178,7,1,2
BRDA:199,8,0,1
BRDA:199,8,1,0
BRDA:212,9,0,0
BRDA:212,9,1,2
BRDA:231,10,0,0
BRDA:231,10,1,0
BRDA:248,11,0,1
BRDA:248,11,1,1
BRDA:272,12,0,0
BRDA:272,12,1,0
BRDA:285,13,0,36
BRDA:285,13,1,16
BRF:29
BRH:21
end_of_record
TN:
SF:src/features/library/hooks/useMachineFilters.ts
FN:43,useMachineFilters
FN:51,(anonymous_1)
FN:56,(anonymous_2)
FN:63,(anonymous_3)
FN:76,(anonymous_4)
FN:85,(anonymous_5)
FNF:6
FNH:0
FNDA:0,useMachineFilters
FNDA:0,(anonymous_1)
FNDA:0,(anonymous_2)
FNDA:0,(anonymous_3)
FNDA:0,(anonymous_4)
FNDA:0,(anonymous_5)
DA:7,0
DA:49,0
DA:51,0
DA:52,0
DA:55,0
DA:56,0
DA:60,0
DA:61,0
DA:63,0
DA:65,0
DA:66,0
DA:70,0
DA:71,0
DA:75,0
DA:77,0
DA:80,0
DA:84,0
DA:86,0
DA:89,0
DA:93,0
DA:94,0
DA:97,0
DA:101,0
DA:104,0
LF:24
LH:0
BRDA:55,0,0,0
BRDA:55,0,1,0
BRDA:60,1,0,0
BRDA:60,1,1,0
BRDA:65,2,0,0
BRDA:65,2,1,0
BRDA:70,3,0,0
BRDA:70,3,1,0
BRDA:75,4,0,0
BRDA:75,4,1,0
BRDA:84,5,0,0
BRDA:84,5,1,0
BRDA:93,6,0,0
BRDA:93,6,1,0
BRF:14
BRH:0
end_of_record
TN:
SF:src/features/library/hooks/useRecentHistory.ts
FN:82,useRecentHistory
FN:88,(anonymous_1)
FN:91,(anonymous_2)
FN:94,(anonymous_3)
FN:121,(anonymous_4)
FN:123,(anonymous_5)
FN:126,(anonymous_6)
FN:130,(anonymous_7)
FN:147,(anonymous_8)
FN:150,(anonymous_9)
FN:157,(anonymous_10)
FN:160,syncHistory
FN:182,(anonymous_12)
FN:188,(anonymous_13)
FN:194,(anonymous_14)
FN:229,(anonymous_15)
FNF:16
FNH:15
FNDA:33,useRecentHistory
FNDA:11,(anonymous_1)
FNDA:35,(anonymous_2)
FNDA:35,(anonymous_3)
FNDA:24,(anonymous_4)
FNDA:35,(anonymous_5)
FNDA:35,(anonymous_6)
FNDA:33,(anonymous_7)
FNDA:0,(anonymous_8)
FNDA:1,(anonymous_9)
FNDA:9,(anonymous_10)
FNDA:9,syncHistory
FNDA:9,(anonymous_12)
FNDA:5,(anonymous_13)
FNDA:12,(anonymous_14)
FNDA:1,(anonymous_15)
DA:14,1
DA:16,1
DA:17,1
DA:83,33
DA:84,33
DA:85,33
DA:87,33
DA:90,11
DA:91,35
DA:94,11
DA:95,35
DA:98,11
DA:99,1
DA:113,33
DA:121,33
DA:122,24
DA:123,35
DA:126,35
DA:130,33
DA:132,33
DA:133,18
DA:137,15
DA:138,1
DA:140,1
DA:146,1
DA:148,0
DA:151,1
DA:157,33
DA:158,9
DA:161,9
DA:162,9
DA:163,9
DA:165,0
DA:167,0
DA:168,0
DA:172,9
DA:174,9
DA:175,9
DA:180,9
DA:182,9
DA:183,9
DA:187,33
DA:189,5
DA:190,5
DA:193,4
DA:194,12
DA:198,4
DA:203,4
DA:206,4
DA:209,4
DA:212,4
DA:213,4
DA:214,0
DA:218,4
DA:221,1
DA:222,1
DA:223,1
DA:229,33
DA:230,1
DA:232,1
DA:233,1
DA:234,0
DA:237,1
DA:241,1
DA:242,1
DA:244,0
DA:245,0
DA:246,0
DA:250,33
LF:69
LH:60
BRDA:98,0,0,1
BRDA:98,0,1,10
BRDA:132,1,0,18
BRDA:132,1,1,15
BRDA:132,2,0,33
BRDA:132,2,1,15
BRDA:132,2,2,15
BRDA:137,3,0,1
BRDA:137,3,1,14
BRDA:137,4,0,15
BRDA:137,4,1,10
BRDA:165,5,0,0
BRDA:165,5,1,0
BRDA:174,6,0,9
BRDA:174,6,1,0
BRDA:221,7,0,1
BRDA:221,7,1,0
BRDA:244,8,0,0
BRDA:244,8,1,0
BRDA:254,9,0,33
BRDA:254,9,1,15
BRF:21
BRH:15
end_of_record
TN:
SF:src/features/library/screens/LibraryScreen.tsx
FN:36,matchesCategorySelection
FN:54,(anonymous_1)
FN:66,(anonymous_2)
FN:77,LibraryScreen
FN:87,(anonymous_4)
FN:88,(anonymous_5)
FN:99,(anonymous_6)
FN:109,(anonymous_7)
FN:117,(anonymous_8)
FN:124,(anonymous_9)
FN:128,(anonymous_10)
FN:134,(anonymous_11)
FN:135,(anonymous_12)
FNF:13
FNH:0
FNDA:0,matchesCategorySelection
FNDA:0,(anonymous_1)
FNDA:0,(anonymous_2)
FNDA:0,LibraryScreen
FNDA:0,(anonymous_4)
FNDA:0,(anonymous_5)
FNDA:0,(anonymous_6)
FNDA:0,(anonymous_7)
FNDA:0,(anonymous_8)
FNDA:0,(anonymous_9)
FNDA:0,(anonymous_10)
FNDA:0,(anonymous_11)
FNDA:0,(anonymous_12)
DA:21,0
DA:34,0
DA:37,0
DA:38,0
DA:41,0
DA:42,0
DA:45,0
DA:46,0
DA:49,0
DA:53,0
DA:63,0
DA:66,0
DA:75,0
DA:78,0
DA:79,0
DA:80,0
DA:81,0
DA:84,0
DA:87,0
DA:88,0
DA:90,0
DA:91,0
DA:95,0
DA:96,0
DA:97,0
DA:99,0
DA:104,0
DA:108,0
DA:110,0
DA:116,0
DA:118,0
DA:123,0
DA:125,0
DA:128,0
DA:134,0
DA:135,0
DA:137,0
LF:37
LH:0
BRDA:37,0,0,0
BRDA:37,0,1,0
BRDA:41,1,0,0
BRDA:41,1,1,0
BRDA:45,2,0,0
BRDA:45,2,1,0
BRDA:64,3,0,0
BRDA:64,3,1,0
BRDA:90,4,0,0
BRDA:90,4,1,0
BRDA:95,5,0,0
BRDA:95,5,1,0
BRDA:98,6,0,0
BRDA:98,6,1,0
BRDA:98,6,2,0
BRF:15
BRH:0
end_of_record
TN:
SF:src/features/library/screens/MachineDetailScreen.tsx
FN:23,MachineDetailScreen
FN:33,(anonymous_1)
FN:36,(anonymous_2)
FN:37,(anonymous_3)
FN:42,(anonymous_4)
FN:126,(anonymous_5)
FN:139,(anonymous_6)
FN:152,(anonymous_7)
FN:165,(anonymous_8)
FN:178,(anonymous_9)
FNF:10
FNH:0
FNDA:0,MachineDetailScreen
FNDA:0,(anonymous_1)
FNDA:0,(anonymous_2)
FNDA:0,(anonymous_3)
FNDA:0,(anonymous_4)
FNDA:0,(anonymous_5)
FNDA:0,(anonymous_6)
FNDA:0,(anonymous_7)
FNDA:0,(anonymous_8)
FNDA:0,(anonymous_9)
DA:24,0
DA:25,0
DA:26,0
DA:29,0
DA:30,0
DA:32,0
DA:33,0
DA:36,0
DA:37,0
DA:38,0
DA:42,0
DA:43,0
DA:44,0
DA:46,0
DA:50,0
DA:51,0
DA:58,0
DA:127,0
DA:140,0
DA:153,0
DA:166,0
DA:179,0
LF:22
LH:0
BRDA:50,0,0,0
BRDA:50,0,1,0
BRDA:68,1,0,0
BRDA:68,1,1,0
BRDA:69,2,0,0
BRDA:69,2,1,0
BRDA:85,3,0,0
BRDA:85,3,1,0
BRDA:85,3,2,0
BRDA:100,4,0,0
BRDA:100,4,1,0
BRDA:101,5,0,0
BRDA:101,5,1,0
BRF:13
BRH:0
end_of_record
TN:
SF:src/features/library/services/favoritesApi.ts
FN:24,getFavorites
FN:29,(anonymous_1)
FN:39,addFavorite
FN:52,removeFavorite
FN:65,clearAllFavorites
FNF:5
FNH:5
FNDA:3,getFavorites
FNDA:2,(anonymous_1)
FNDA:2,addFavorite
FNDA:2,removeFavorite
FNDA:2,clearAllFavorites
DA:10,1
DA:25,3
DA:26,3
DA:29,2
DA:31,1
DA:32,1
DA:40,2
DA:41,2
DA:42,1
DA:44,1
DA:45,1
DA:53,2
DA:54,2
DA:55,1
DA:57,1
DA:58,1
DA:66,2
DA:67,2
DA:68,1
DA:70,1
DA:71,1
LF:21
LH:21
BRF:0
BRH:0
end_of_record
TN:
SF:src/features/library/services/historyApi.ts
FN:26,getHistory
FN:31,(anonymous_1)
FN:44,addToHistory
FN:57,clearAllHistory
FNF:4
FNH:4
FNDA:12,getHistory
FNDA:2,(anonymous_1)
FNDA:6,addToHistory
FNDA:3,clearAllHistory
DA:12,2
DA:27,12
DA:28,12
DA:31,2
DA:36,10
DA:37,10
DA:45,6
DA:46,6
DA:47,1
DA:49,5
DA:50,5
DA:58,3
DA:59,3
DA:60,1
DA:62,2
DA:63,2
LF:16
LH:16
BRF:0
BRH:0
end_of_record
TN:
SF:src/features/library/services/machinesApi.ts
FN:17,getMachines
FNF:1
FNH:1
FNDA:4,getMachines
DA:12,1
DA:18,4
DA:19,4
DA:27,3
DA:28,3
DA:32,3
DA:34,1
DA:35,1
LF:8
LH:8
BRF:0
BRH:0
end_of_record
TN:
SF:src/features/settings/index.ts
FNF:0
FNH:0
LF:0
LH:0
BRF:0
BRH:0
end_of_record
TN:
SF:src/features/settings/screens/SettingsScreen.tsx
FN:21,(anonymous_0)
FN:26,SettingsScreen
FN:43,(anonymous_2)
FN:47,(anonymous_3)
FN:56,(anonymous_4)
FN:67,(anonymous_5)
FN:76,(anonymous_6)
FN:87,(anonymous_7)
FN:113,(anonymous_8)
FN:126,(anonymous_9)
FN:135,(anonymous_10)
FN:172,(anonymous_11)
FNF:12
FNH:0
FNDA:0,(anonymous_0)
FNDA:0,SettingsScreen
FNDA:0,(anonymous_2)
FNDA:0,(anonymous_3)
FNDA:0,(anonymous_4)
FNDA:0,(anonymous_5)
FNDA:0,(anonymous_6)
FNDA:0,(anonymous_7)
FNDA:0,(anonymous_8)
FNDA:0,(anonymous_9)
FNDA:0,(anonymous_10)
FNDA:0,(anonymous_11)
DA:21,0
DA:22,0
DA:23,0
DA:24,0
DA:27,0
DA:28,0
DA:34,0
DA:35,0
DA:36,0
DA:37,0
DA:40,0
DA:41,0
DA:43,0
DA:44,0
DA:47,0
DA:48,0
DA:57,0
DA:58,0
DA:59,0
DA:60,0
DA:67,0
DA:68,0
DA:77,0
DA:78,0
DA:79,0
DA:80,0
DA:87,0
DA:88,0
DA:89,0
DA:90,0
DA:91,0
DA:94,0
DA:95,0
DA:96,0
DA:99,0
DA:102,0
DA:103,0
DA:104,0
DA:105,0
DA:107,0
DA:109,0
DA:113,0
DA:114,0
DA:115,0
DA:116,0
DA:117,0
DA:118,0
DA:120,0
DA:122,0
DA:126,0
DA:127,0
DA:136,0
DA:137,0
DA:140,0
DA:148,0
DA:150,0
DA:151,0
DA:153,0
DA:154,0
DA:156,0
DA:173,0
DA:174,0
LF:62
LH:0
BRDA:89,0,0,0
BRDA:89,0,1,0
BRDA:95,1,0,0
BRDA:95,1,1,0
BRDA:95,2,0,0
BRDA:95,2,1,0
BRDA:148,3,0,0
BRDA:148,3,1,0
BRDA:154,4,0,0
BRDA:154,4,1,0
BRDA:154,4,2,0
BRDA:180,5,0,0
BRDA:180,5,1,0
BRDA:181,6,0,0
BRDA:181,6,1,0
BRF:15
BRH:0
end_of_record
TN:
SF:src/services/api/apiClient.ts
FN:21,(anonymous_0)
FN:56,apiRequest
FN:90,(anonymous_2)
FN:197,apiGet
FN:207,apiPost
FN:222,apiPut
FN:237,apiDelete
FNF:7
FNH:5
FNDA:14,(anonymous_0)
FNDA:14,apiRequest
FNDA:0,(anonymous_2)
FNDA:9,apiGet
FNDA:4,apiPost
FNDA:0,apiPut
FNDA:1,apiDelete
DA:12,4
DA:15,4
DA:27,14
DA:28,14
DA:60,14
DA:63,14
DA:67,14
DA:71,14
DA:73,14
DA:74,0
DA:75,0
DA:78,14
DA:79,14
DA:80,14
DA:81,14
DA:86,0
DA:89,0
DA:90,0
DA:91,0
DA:94,0
DA:95,0
DA:99,0
DA:105,0
DA:107,0
DA:113,0
DA:114,0
DA:119,0
DA:121,0
DA:122,0
DA:123,0
DA:127,0
DA:128,0
DA:133,0
DA:134,0
DA:135,0
DA:141,0
DA:149,0
DA:150,0
DA:151,0
DA:155,0
DA:156,0
DA:157,0
DA:163,0
DA:172,0
DA:173,0
DA:174,0
DA:176,0
DA:177,0
DA:180,0
DA:186,0
DA:201,9
DA:212,4
DA:227,0
DA:241,1
LF:54
LH:16
BRDA:15,0,0,4
BRDA:15,0,1,0
BRDA:58,1,0,0
BRDA:60,2,0,14
BRDA:60,3,0,14
BRDA:63,4,0,0
BRDA:63,4,1,14
BRDA:67,5,0,14
BRDA:67,5,1,0
BRDA:73,6,0,0
BRDA:73,6,1,14
BRDA:79,7,0,14
BRDA:79,7,1,0
BRDA:94,8,0,0
BRDA:94,8,1,0
BRDA:100,9,0,0
BRDA:100,9,1,0
BRDA:113,10,0,0
BRDA:113,10,1,0
BRDA:113,11,0,0
BRDA:113,11,1,0
BRDA:121,12,0,0
BRDA:121,12,1,0
BRDA:121,13,0,0
BRDA:121,13,1,0
BRDA:133,14,0,0
BRDA:133,14,1,0
BRDA:155,15,0,0
BRDA:155,15,1,0
BRDA:176,16,0,0
BRDA:176,16,1,0
BRDA:183,17,0,0
BRDA:183,17,1,0
BRDA:189,18,0,0
BRDA:189,18,1,0
BRDA:199,19,0,9
BRDA:210,20,0,4
BRDA:225,21,0,0
BRDA:239,22,0,1
BRF:39
BRH:10
end_of_record
TN:
SF:src/services/api/index.ts
FNF:0
FNH:0
LF:0
LH:0
BRF:0
BRH:0
end_of_record
TN:
SF:src/services/api/supabaseClient.ts
FN:22,(anonymous_0)
FN:34,(anonymous_1)
FN:45,(anonymous_2)
FN:64,getSupabaseConfig
FN:104,getSupabaseClient
FN:148,(anonymous_5)
FNF:6
FNH:4
FNDA:17,(anonymous_0)
FNDA:0,(anonymous_1)
FNDA:0,(anonymous_2)
FNDA:1,getSupabaseConfig
FNDA:14,getSupabaseClient
FNDA:14,(anonymous_5)
DA:13,4
DA:21,4
DA:23,17
DA:24,17
DA:25,17
DA:27,0
DA:31,0
DA:35,0
DA:36,0
DA:38,0
DA:46,0
DA:47,0
DA:49,0
DA:66,1
DA:67,1
DA:70,1
DA:71,1
DA:72,1
DA:73,1
DA:77,1
DA:78,1
DA:79,1
DA:85,0
DA:91,4
DA:105,14
DA:106,13
DA:109,1
DA:112,1
DA:113,0
DA:118,0
DA:123,1
DA:128,1
DA:137,1
DA:147,4
DA:149,14
DA:150,14
DA:151,14
LF:37
LH:26
BRDA:29,0,0,0
BRDA:29,0,1,0
BRDA:40,1,0,0
BRDA:40,1,1,0
BRDA:51,2,0,0
BRDA:51,2,1,0
BRDA:66,3,0,1
BRDA:66,3,1,1
BRDA:67,4,0,1
BRDA:67,4,1,1
BRDA:70,5,0,1
BRDA:70,5,1,0
BRDA:70,6,0,1
BRDA:70,6,1,0
BRDA:72,7,0,1
BRDA:72,7,1,1
BRDA:72,7,2,1
BRDA:73,8,0,1
BRDA:73,8,1,1
BRDA:73,8,2,1
BRDA:77,9,0,1
BRDA:77,9,1,0
BRDA:77,10,0,1
BRDA:77,10,1,0
BRDA:77,10,2,1
BRDA:80,11,0,1
BRDA:80,11,1,1
BRDA:81,12,0,1
BRDA:81,12,1,1
BRDA:105,13,0,13
BRDA:105,13,1,1
BRDA:112,14,0,0
BRDA:112,14,1,1
BRDA:112,15,0,1
BRDA:112,15,1,1
BRDA:151,16,0,0
BRDA:151,16,1,14
BRF:37
BRH:25
end_of_record
TN:
SF:src/shared/logger.ts
FN:44,resolveLogLevel
FN:59,shouldLog
FN:63,serializeError
FN:74,normalizeArgs
FN:95,(anonymous_4)
FN:119,emitLog
FN:180,forwardToMonitoring
FN:207,resolveBreadcrumbCategory
FN:208,(anonymous_8)
FN:212,shouldRecordBreadcrumb
FN:236,createLogger
FN:238,(anonymous_11)
FN:248,(anonymous_12)
FN:249,(anonymous_13)
FN:250,(anonymous_14)
FN:251,(anonymous_15)
FN:253,(anonymous_16)
FNF:17
FNH:13
FNDA:6,resolveLogLevel
FNDA:83,shouldLog
FNDA:10,serializeError
FNDA:83,normalizeArgs
FNDA:67,(anonymous_4)
FNDA:83,emitLog
FNDA:0,forwardToMonitoring
FNDA:0,resolveBreadcrumbCategory
FNDA:0,(anonymous_8)
FNDA:0,shouldRecordBreadcrumb
FNDA:21,createLogger
FNDA:80,(anonymous_11)
FNDA:23,(anonymous_12)
FNDA:4,(anonymous_13)
FNDA:30,(anonymous_14)
FNDA:23,(anonymous_15)
FNDA:3,(anonymous_16)
DA:18,6
DA:28,6
DA:34,6
DA:41,6
DA:45,6
DA:46,6
DA:47,6
DA:50,0
DA:51,0
DA:54,0
DA:57,6
DA:60,83
DA:64,10
DA:65,10
DA:71,0
DA:78,83
DA:79,0
DA:82,83
DA:83,83
DA:86,83
DA:87,82
DA:88,1
DA:89,1
DA:90,1
DA:92,0
DA:95,83
DA:96,67
DA:97,8
DA:98,8
DA:101,59
DA:102,59
DA:103,59
DA:106,0
DA:107,0
DA:111,83
DA:113,83
DA:125,83
DA:126,83
DA:127,0
DA:131,83
DA:132,0
DA:136,83
DA:137,0
DA:140,83
DA:141,83
DA:142,83
DA:146,83
DA:149,83
DA:151,83
DA:152,4
DA:153,79
DA:154,25
DA:155,54
DA:156,30
DA:157,24
DA:158,24
DA:162,83
DA:163,83
DA:167,83
DA:168,0
DA:169,0
DA:186,0
DA:187,0
DA:190,0
DA:195,0
DA:196,0
DA:199,0
DA:208,0
DA:209,0
DA:213,0
DA:214,0
DA:217,0
DA:218,0
DA:221,0
DA:238,21
DA:239,80
DA:240,80
DA:241,80
DA:248,23
DA:249,21
DA:250,30
DA:251,23
DA:253,21
DA:258,3
DA:259,3
DA:260,3
DA:261,2
DA:270,2
DA:272,1
DA:282,1
DA:286,21
LF:91
LH:65
BRDA:41,0,0,6
BRDA:41,0,1,0
BRDA:46,1,0,6
BRDA:46,1,1,0
BRDA:46,2,0,6
BRDA:46,2,1,6
BRDA:50,3,0,0
BRDA:50,3,1,0
BRDA:50,4,0,0
BRDA:50,4,1,0
BRDA:54,5,0,0
BRDA:54,5,1,0
BRDA:64,6,0,10
BRDA:64,6,1,0
BRDA:78,7,0,0
BRDA:78,7,1,83
BRDA:86,8,0,82
BRDA:86,8,1,1
BRDA:88,9,0,1
BRDA:88,9,1,0
BRDA:96,10,0,8
BRDA:96,10,1,59
BRDA:101,11,0,59
BRDA:101,11,1,0
BRDA:101,12,0,59
BRDA:101,12,1,59
BRDA:101,12,2,59
BRDA:106,13,0,0
BRDA:106,13,1,0
BRDA:115,14,0,68
BRDA:115,14,1,15
BRDA:126,15,0,0
BRDA:126,15,1,83
BRDA:131,16,0,0
BRDA:131,16,1,83
BRDA:131,17,0,83
BRDA:131,17,1,83
BRDA:131,17,2,83
BRDA:136,18,0,0
BRDA:136,18,1,83
BRDA:142,19,0,68
BRDA:142,19,1,15
BRDA:151,20,0,4
BRDA:151,20,1,79
BRDA:151,21,0,83
BRDA:151,21,1,4
BRDA:153,22,0,25
BRDA:153,22,1,54
BRDA:153,23,0,79
BRDA:153,23,1,25
BRDA:155,24,0,30
BRDA:155,24,1,24
BRDA:155,25,0,54
BRDA:155,25,1,30
BRDA:157,26,0,24
BRDA:157,26,1,0
BRDA:157,27,0,24
BRDA:157,27,1,24
BRDA:162,28,0,83
BRDA:162,28,1,0
BRDA:162,29,0,83
BRDA:162,29,1,83
BRDA:167,30,0,0
BRDA:167,30,1,83
BRDA:186,31,0,0
BRDA:186,31,1,0
BRDA:195,32,0,0
BRDA:195,32,1,0
BRDA:209,33,0,0
BRDA:209,33,1,0
BRDA:213,34,0,0
BRDA:213,34,1,0
BRDA:217,35,0,0
BRDA:217,35,1,0
BRDA:217,36,0,0
BRDA:217,36,1,0
BRDA:240,37,0,80
BRDA:240,37,1,0
BRDA:240,38,0,80
BRDA:240,38,1,80
BRDA:240,38,2,80
BRF:81
BRH:48
end_of_record
TN:
SF:src/shared/theme.ts
FNF:0
FNH:0
DA:4,0
DA:43,0
DA:205,0
LF:3
LH:0
BRF:0
BRH:0
end_of_record
TN:
SF:src/shared/components/AnimatedBodyHighlighter.tsx
FN:71,mapMusclesToBodyParts
FN:88,getPreferredBodyView
FN:93,(anonymous_2)
FN:134,(anonymous_3)
FN:151,(anonymous_4)
FN:153,(anonymous_5)
FN:154,(anonymous_6)
FN:157,(anonymous_7)
FN:163,(anonymous_8)
FN:168,(anonymous_9)
FNF:10
FNH:0
FNDA:0,mapMusclesToBodyParts
FNDA:0,getPreferredBodyView
FNDA:0,(anonymous_2)
FNDA:0,(anonymous_3)
FNDA:0,(anonymous_4)
FNDA:0,(anonymous_5)
FNDA:0,(anonymous_6)
FNDA:0,(anonymous_7)
FNDA:0,(anonymous_8)
FNDA:0,(anonymous_9)
DA:22,0
DA:72,0
DA:74,0
DA:75,0
DA:76,0
DA:77,0
DA:82,0
DA:89,0
DA:92,0
DA:93,0
DA:96,0
DA:97,0
DA:101,0
DA:134,0
DA:142,0
DA:143,0
DA:146,0
DA:149,0
DA:151,0
DA:153,0
DA:154,0
DA:157,0
DA:161,0
DA:163,0
DA:168,0
DA:174,0
LF:26
LH:0
BRDA:76,0,0,0
BRDA:76,0,1,0
BRDA:96,1,0,0
BRDA:96,1,1,0
BRDA:96,2,0,0
BRDA:96,2,1,0
BRDA:136,3,0,0
BRDA:137,4,0,0
BRDA:138,5,0,0
BRDA:146,6,0,0
BRDA:146,6,1,0
BRDA:154,7,0,0
BRDA:154,7,1,0
BRDA:165,8,0,0
BRDA:165,8,1,0
BRDA:170,9,0,0
BRDA:170,9,1,0
BRDA:188,10,0,0
BRDA:188,10,1,0
BRDA:194,11,0,0
BRDA:194,11,1,0
BRDA:202,12,0,0
BRDA:202,12,1,0
BRF:23
BRH:0
end_of_record
TN:
SF:src/shared/components/ErrorBoundary.tsx
FN:46,(anonymous_0)
FN:54,(anonymous_1)
FN:62,(anonymous_2)
FN:78,(anonymous_3)
FN:85,(anonymous_4)
FNF:5
FNH:0
FNDA:0,(anonymous_0)
FNDA:0,(anonymous_1)
FNDA:0,(anonymous_2)
FNDA:0,(anonymous_3)
FNDA:0,(anonymous_4)
DA:9,0
DA:47,0
DA:48,0
DA:56,0
DA:64,0
DA:70,0
DA:72,0
DA:78,0
DA:79,0
DA:86,0
DA:88,0
DA:89,0
DA:93,0
DA:121,0
LF:14
LH:0
BRDA:73,0,0,0
BRDA:73,0,1,0
BRDA:86,1,0,0
BRDA:86,1,1,0
BRDA:86,2,0,0
BRDA:86,2,1,0
BRDA:88,3,0,0
BRDA:88,3,1,0
BRDA:101,4,0,0
BRDA:101,4,1,0
BRDA:105,5,0,0
BRDA:105,5,1,0
BRF:12
BRH:0
end_of_record
TN:
SF:src/shared/components/PrimaryButton.tsx
FN:25,PrimaryButton
FNF:1
FNH:0
FNDA:0,PrimaryButton
DA:34,0
DA:35,0
DA:36,0
DA:37,0
DA:39,0
DA:40,0
DA:41,0
DA:43,0
DA:44,0
DA:46,0
DA:47,0
DA:50,0
DA:52,0
LF:13
LH:0
BRDA:29,0,0,0
BRDA:30,1,0,0
BRDA:31,2,0,0
BRDA:34,3,0,0
BRDA:34,3,1,0
BRDA:37,4,0,0
BRDA:37,4,1,0
BRDA:40,5,0,0
BRDA:40,5,1,0
BRDA:41,6,0,0
BRDA:41,6,1,0
BRDA:43,7,0,0
BRDA:43,7,1,0
BRDA:46,8,0,0
BRDA:46,8,1,0
BRDA:50,9,0,0
BRDA:50,9,1,0
BRDA:57,10,0,0
BRDA:57,10,1,0
BRDA:60,11,0,0
BRDA:60,11,1,0
BRDA:64,12,0,0
BRDA:64,12,1,0
BRF:23
BRH:0
end_of_record
TN:
SF:src/shared/components/SectionHeader.tsx
FN:14,SectionHeader
FNF:1
FNH:0
FNDA:0,SectionHeader
DA:15,0
LF:1
LH:0
BRF:0
BRH:0
end_of_record
TN:
SF:src/shared/constants/recognition.ts
FNF:0
FNH:0
DA:3,1
DA:4,1
DA:5,1
LF:3
LH:3
BRF:0
BRH:0
end_of_record
TN:
SF:src/shared/hooks/index.ts
FNF:0
FNH:0
LF:0
LH:0
BRF:0
BRH:0
end_of_record
TN:
SF:src/shared/hooks/useAppState.ts
FN:26,useAppState
FN:29,(anonymous_1)
FN:30,(anonymous_2)
FN:35,(anonymous_3)
FN:51,useIsAppActive
FNF:5
FNH:0
FNDA:0,useAppState
FNDA:0,(anonymous_1)
FNDA:0,(anonymous_2)
FNDA:0,(anonymous_3)
FNDA:0,useIsAppActive
DA:6,0
DA:27,0
DA:29,0
DA:30,0
DA:31,0
DA:32,0
DA:35,0
DA:36,0
DA:40,0
DA:52,0
DA:53,0
LF:11
LH:0
BRF:0
BRH:0
end_of_record
TN:
SF:src/shared/hooks/useAsyncStorage.ts
FN:74,useAsyncStorage
FN:88,(anonymous_1)
FN:92,(anonymous_2)
FN:96,(anonymous_3)
FN:101,(anonymous_4)
FN:140,(anonymous_5)
FN:168,(anonymous_6)
FN:184,(anonymous_7)
FNF:8
FNH:8
FNDA:95,useAsyncStorage
FNDA:79,(anonymous_1)
FNDA:29,(anonymous_2)
FNDA:70,(anonymous_3)
FNDA:30,(anonymous_4)
FNDA:24,(anonymous_5)
FNDA:3,(anonymous_6)
FNDA:29,(anonymous_7)
DA:7,3
DA:80,95
DA:81,95
DA:82,95
DA:84,95
DA:85,95
DA:86,95
DA:88,95
DA:89,79
DA:92,95
DA:93,29
DA:96,95
DA:97,70
DA:101,95
DA:102,30
DA:103,30
DA:105,30
DA:106,30
DA:108,29
DA:110,29
DA:111,11
DA:112,11
DA:115,18
DA:116,18
DA:118,18
DA:119,1
DA:120,1
DA:122,1
DA:123,1
DA:126,17
DA:127,17
DA:129,1
DA:130,1
DA:131,1
DA:132,1
DA:134,30
DA:139,95
DA:141,24
DA:142,24
DA:144,24
DA:147,24
DA:148,24
DA:149,1
DA:152,23
DA:153,23
DA:154,23
DA:155,23
DA:156,23
DA:158,1
DA:159,1
DA:160,1
DA:161,1
DA:168,95
DA:169,3
DA:170,3
DA:171,3
DA:172,3
DA:173,3
DA:174,3
DA:176,0
DA:177,0
DA:178,0
DA:179,0
DA:184,95
DA:185,29
DA:188,95
LF:66
LH:62
BRDA:110,0,0,11
BRDA:110,0,1,18
BRDA:118,1,0,1
BRDA:118,1,1,17
BRDA:129,2,0,1
BRDA:129,2,1,0
BRDA:144,3,0,1
BRDA:144,3,1,23
BRDA:148,4,0,1
BRDA:148,4,1,23
BRDA:158,5,0,1
BRDA:158,5,1,0
BRDA:176,6,0,0
BRDA:176,6,1,0
BRF:14
BRH:10
end_of_record
TN:
SF:src/shared/hooks/useDebounce.ts
FN:27,useDebounce
FN:30,(anonymous_1)
FN:32,(anonymous_2)
FN:37,(anonymous_3)
FNF:4
FNH:0
FNDA:0,useDebounce
FNDA:0,(anonymous_1)
FNDA:0,(anonymous_2)
FNDA:0,(anonymous_3)
DA:28,0
DA:30,0
DA:32,0
DA:33,0
DA:37,0
DA:38,0
DA:42,0
LF:7
LH:0
BRDA:27,0,0,0
BRF:1
BRH:0
end_of_record
TN:
SF:src/shared/hooks/useNetworkStatus.ts
FN:49,useNetworkStatus
FN:58,(anonymous_1)
FN:68,(anonymous_2)
FN:70,(anonymous_3)
FN:76,(anonymous_4)
FN:81,(anonymous_5)
FN:97,useIsOnline
FNF:7
FNH:0
FNDA:0,useNetworkStatus
FNDA:0,(anonymous_1)
FNDA:0,(anonymous_2)
FNDA:0,(anonymous_3)
FNDA:0,(anonymous_4)
FNDA:0,(anonymous_5)
FNDA:0,useIsOnline
DA:6,0
DA:50,0
DA:58,0
DA:59,0
DA:68,0
DA:70,0
DA:71,0
DA:72,0
DA:76,0
DA:77,0
DA:78,0
DA:81,0
DA:82,0
DA:86,0
DA:98,0
DA:102,0
LF:16
LH:0
BRDA:63,0,0,0
BRDA:63,0,1,0
BRDA:102,1,0,0
BRDA:102,1,1,0
BRDA:102,1,2,0
BRF:5
BRH:0
end_of_record
TN:
SF:src/shared/observability/monitoring.ts
FN:51,(anonymous_0)
FN:54,(anonymous_1)
FN:60,(anonymous_2)
FN:66,(anonymous_3)
FN:88,(anonymous_4)
FN:93,(anonymous_5)
FN:111,(anonymous_6)
FN:144,(anonymous_7)
FN:149,(anonymous_8)
FN:155,initMonitoring
FN:188,reportError
FN:207,withMonitoringScope
FN:217,setMonitoringUser
FN:227,resetMonitoringForTests
FN:241,recordBreadcrumb
FN:254,recordRecognitionBreadcrumb
FN:265,recordAuthBreadcrumb
FN:273,recordUploadBreadcrumb
FN:281,isCrashReportingEnabled
FNF:19
FNH:15
FNDA:14,(anonymous_0)
FNDA:14,(anonymous_1)
FNDA:14,(anonymous_2)
FNDA:14,(anonymous_3)
FNDA:14,(anonymous_4)
FNDA:0,(anonymous_5)
FNDA:0,(anonymous_6)
FNDA:15,(anonymous_7)
FNDA:0,(anonymous_8)
FNDA:15,initMonitoring
FNDA:2,reportError
FNDA:0,withMonitoringScope
FNDA:2,setMonitoringUser
FNDA:15,resetMonitoringForTests
FNDA:5,recordBreadcrumb
FNDA:1,recordRecognitionBreadcrumb
FNDA:1,recordAuthBreadcrumb
FNDA:1,recordUploadBreadcrumb
FNDA:4,isCrashReportingEnabled
DA:43,6
DA:44,6
DA:45,6
DA:51,6
DA:52,14
DA:54,6
DA:55,14
DA:60,6
DA:61,14
DA:66,6
DA:67,14
DA:69,14
DA:70,14
DA:73,0
DA:74,0
DA:77,0
DA:78,0
DA:81,0
DA:82,0
DA:85,0
DA:88,6
DA:89,14
DA:90,14
DA:93,6
DA:94,0
DA:95,0
DA:98,0
DA:99,0
DA:102,0
DA:103,0
DA:106,0
DA:107,0
DA:111,6
DA:112,0
DA:113,0
DA:114,0
DA:115,0
DA:116,0
DA:117,0
DA:120,0
DA:121,0
DA:122,0
DA:124,0
DA:125,0
DA:128,0
DA:129,0
DA:131,0
DA:134,0
DA:135,0
DA:137,0
DA:138,0
DA:140,0
DA:144,6
DA:145,15
DA:146,13
DA:149,2
DA:150,0
DA:151,0
DA:156,15
DA:157,1
DA:160,14
DA:161,14
DA:163,14
DA:164,14
DA:165,14
DA:166,14
DA:168,14
DA:170,14
DA:171,13
DA:182,13
DA:185,14
DA:195,2
DA:196,0
DA:199,2
DA:210,0
DA:211,0
DA:214,0
DA:218,2
DA:220,2
DA:221,0
DA:224,2
DA:228,15
DA:229,0
DA:232,15
DA:233,15
DA:234,15
DA:235,15
DA:236,15
DA:237,15
DA:238,15
DA:242,5
DA:243,0
DA:246,5
DA:258,1
DA:266,1
DA:274,1
DA:282,4
LF:97
LH:54
BRDA:52,0,0,14
BRDA:52,0,1,0
BRDA:55,1,0,14
BRDA:55,1,1,0
BRDA:55,1,2,0
BRDA:55,1,3,0
BRDA:58,2,0,0
BRDA:58,2,1,0
BRDA:61,3,0,14
BRDA:61,3,1,14
BRDA:61,3,2,14
BRDA:61,3,3,14
BRDA:69,4,0,14
BRDA:69,4,1,0
BRDA:73,5,0,0
BRDA:73,5,1,0
BRDA:77,6,0,0
BRDA:77,6,1,0
BRDA:77,7,0,0
BRDA:77,7,1,0
BRDA:77,7,2,0
BRDA:77,7,3,0
BRDA:81,8,0,0
BRDA:81,8,1,0
BRDA:81,9,0,0
BRDA:81,9,1,0
BRDA:81,9,2,0
BRDA:81,9,3,0
BRDA:90,10,0,0
BRDA:90,10,1,14
BRDA:94,11,0,0
BRDA:94,11,1,0
BRDA:98,12,0,0
BRDA:98,12,1,0
BRDA:102,13,0,0
BRDA:102,13,1,0
BRDA:106,14,0,0
BRDA:106,14,1,0
BRDA:112,15,0,0
BRDA:112,15,1,0
BRDA:121,16,0,0
BRDA:121,16,1,0
BRDA:124,17,0,0
BRDA:124,17,1,0
BRDA:128,18,0,0
BRDA:128,18,1,0
BRDA:134,19,0,0
BRDA:134,19,1,0
BRDA:135,20,0,0
BRDA:135,20,1,0
BRDA:137,21,0,0
BRDA:137,21,1,0
BRDA:137,22,0,0
BRDA:137,22,1,0
BRDA:145,23,0,13
BRDA:145,23,1,2
BRDA:145,24,0,15
BRDA:145,24,1,2
BRDA:156,25,0,1
BRDA:156,25,1,14
BRDA:161,26,0,14
BRDA:161,26,1,14
BRDA:161,26,2,1
BRDA:168,27,0,14
BRDA:168,27,1,13
BRDA:168,27,2,0
BRDA:170,28,0,13
BRDA:170,28,1,1
BRDA:170,29,0,14
BRDA:170,29,1,13
BRDA:176,30,0,13
BRDA:176,30,1,13
BRDA:177,31,0,13
BRDA:177,31,1,13
BRDA:178,32,0,0
BRDA:178,32,1,13
BRDA:195,33,0,0
BRDA:195,33,1,2
BRDA:195,34,0,2
BRDA:195,34,1,2
BRDA:200,35,0,1
BRDA:200,35,1,1
BRDA:210,36,0,0
BRDA:210,36,1,0
BRDA:210,37,0,0
BRDA:210,37,1,0
BRDA:220,38,0,0
BRDA:220,38,1,2
BRDA:220,39,0,2
BRDA:220,39,1,2
BRDA:228,40,0,0
BRDA:228,40,1,15
BRDA:242,41,0,0
BRDA:242,41,1,5
BRDA:242,42,0,5
BRDA:242,42,1,5
BRDA:250,43,0,5
BRDA:250,43,1,4
BRF:98
BRH:42
end_of_record
TN:
SF:src/shared/services/favoritesStorage.ts
FN:13,getFavorites
FN:24,(anonymous_1)
FN:33,setFavorites
FN:47,toggleFavorite
FN:66,isFavorite
FN:74,clearFavorites
FNF:6
FNH:0
FNDA:0,getFavorites
FNDA:0,(anonymous_1)
FNDA:0,setFavorites
FNDA:0,toggleFavorite
FNDA:0,isFavorite
FNDA:0,clearFavorites
DA:7,0
DA:14,0
DA:15,0
DA:16,0
DA:18,0
DA:19,0
DA:20,0
DA:22,0
DA:24,0
DA:25,0
DA:34,0
DA:35,0
DA:36,0
DA:38,0
DA:39,0
DA:48,0
DA:49,0
DA:51,0
DA:53,0
DA:56,0
DA:59,0
DA:60,0
DA:67,0
DA:68,0
DA:75,0
LF:25
LH:0
BRDA:16,0,0,0
BRDA:16,0,1,0
BRDA:51,1,0,0
BRDA:51,1,1,0
BRF:4
BRH:0
end_of_record
TN:
SF:src/shared/services/historyStorage.ts
FN:15,getRecentHistory
FN:26,(anonymous_1)
FN:37,addToRecentHistory
FN:42,(anonymous_3)
FN:69,clearHistory
FNF:5
FNH:0
FNDA:0,getRecentHistory
FNDA:0,(anonymous_1)
FNDA:0,addToRecentHistory
FNDA:0,(anonymous_3)
FNDA:0,clearHistory
DA:8,0
DA:9,0
DA:16,0
DA:17,0
DA:18,0
DA:20,0
DA:21,0
DA:22,0
DA:24,0
DA:26,0
DA:27,0
DA:38,0
DA:39,0
DA:42,0
DA:45,0
DA:49,0
DA:52,0
DA:53,0
DA:57,0
DA:58,0
DA:59,0
DA:61,0
DA:62,0
DA:70,0
DA:71,0
DA:73,0
LF:26
LH:0
BRDA:18,0,0,0
BRDA:18,0,1,0
BRDA:52,1,0,0
BRDA:52,1,1,0
BRF:4
BRH:0
end_of_record
TN:
SF:src/shared/services/recognitionSettingsStorage.ts
FN:13,(anonymous_0)
FN:16,loadConfidenceThreshold
FN:36,saveConfidenceThreshold
FN:45,clearConfidenceThreshold
FNF:4
FNH:1
FNDA:0,(anonymous_0)
FNDA:7,loadConfidenceThreshold
FNDA:0,saveConfidenceThreshold
FNDA:0,clearConfidenceThreshold
DA:9,1
DA:11,1
DA:13,1
DA:14,0
DA:17,7
DA:18,7
DA:19,7
DA:20,7
DA:23,0
DA:24,0
DA:25,0
DA:26,0
DA:29,0
DA:31,0
DA:32,0
DA:37,0
DA:38,0
DA:40,0
DA:41,0
DA:46,0
DA:47,0
DA:49,0
DA:50,0
LF:23
LH:7
BRDA:14,0,0,0
BRDA:14,0,1,0
BRDA:19,1,0,7
BRDA:19,1,1,0
BRDA:24,2,0,0
BRDA:24,2,1,0
BRF:6
BRH:1
end_of_record
TN:
SF:src/shared/services/validation.ts
FN:8,isMachineIdValid
FN:12,(anonymous_1)
FN:19,filterValidMachineIds
FN:48,validateMachineId
FNF:4
FNH:4
FNDA:122,isMachineIdValid
FNDA:367,(anonymous_1)
FNDA:83,filterValidMachineIds
FNDA:9,validateMachineId
DA:12,367
DA:23,83
DA:24,83
DA:26,83
DA:27,113
DA:28,108
DA:30,5
DA:34,83
DA:35,5
DA:41,83
DA:52,9
DA:53,0
DA:56,9
DA:57,2
LF:14
LH:13
BRDA:27,0,0,108
BRDA:27,0,1,5
BRDA:34,1,0,5
BRDA:34,1,1,78
BRDA:52,2,0,0
BRDA:52,2,1,9
BRDA:52,3,0,9
BRDA:52,3,1,9
BRDA:56,4,0,2
BRDA:56,4,1,7
BRF:10
BRH:9
end_of_record
